{"/media/dell/7FB6DCE70CD2C5C3/Driven/Turma 7/drivent/src/app.ts": {"path":"/media/dell/7FB6DCE70CD2C5C3/Driven/Turma 7/drivent/src/app.ts","statementMap":{"0":{"start":{"line":1,"column":0},"end":{"line":1,"column":26}},"1":{"start":{"line":2,"column":0},"end":{"line":2,"column":30}},"2":{"start":{"line":3,"column":0},"end":{"line":3,"column":43}},"3":{"start":{"line":4,"column":0},"end":{"line":4,"column":24}},"4":{"start":{"line":6,"column":0},"end":{"line":6,"column":60}},"5":{"start":{"line":8,"column":0},"end":{"line":8,"column":10}},"6":{"start":{"line":10,"column":0},"end":{"line":10,"column":56}},"7":{"start":{"line":11,"column":0},"end":{"line":11,"column":null}},"8":{"start":{"line":22,"column":12},"end":{"line":22,"column":21}},"9":{"start":{"line":23,"column":0},"end":{"line":35,"column":32}},"10":{"start":{"line":26,"column":33},"end":{"line":26,"column":48}},"11":{"start":{"line":38,"column":2},"end":{"line":38,"column":14}},"12":{"start":{"line":39,"column":2},"end":{"line":39,"column":30}},"13":{"start":{"line":37,"column":0},"end":{"line":37,"column":16}},"14":{"start":{"line":43,"column":2},"end":{"line":43,"column":23}},"15":{"start":{"line":42,"column":0},"end":{"line":42,"column":7}},"16":{"start":{"line":46,"column":0},"end":{"line":46,"column":19}}},"fnMap":{"0":{"name":"(anonymous_1)","decl":{"start":{"line":26,"column":18},"end":{"line":26,"column":19}},"loc":{"start":{"line":26,"column":33},"end":{"line":26,"column":48}}},"1":{"name":"init","decl":{"start":{"line":37,"column":16},"end":{"line":37,"column":20}},"loc":{"start":{"line":37,"column":20},"end":{"line":40,"column":1}}},"2":{"name":"close","decl":{"start":{"line":42,"column":22},"end":{"line":42,"column":27}},"loc":{"start":{"line":42,"column":27},"end":{"line":44,"column":1}}}},"branchMap":{},"s":{"0":11,"1":11,"2":11,"3":11,"4":11,"5":11,"6":11,"7":11,"8":11,"9":11,"10":1,"11":11,"12":11,"13":11,"14":0,"15":11,"16":11},"f":{"0":1,"1":11,"2":0},"b":{}}
,"/media/dell/7FB6DCE70CD2C5C3/Driven/Turma 7/drivent/src/server.ts": {"path":"/media/dell/7FB6DCE70CD2C5C3/Driven/Turma 7/drivent/src/server.ts","statementMap":{"0":{"start":{"line":1,"column":0},"end":{"line":1,"column":34}},"1":{"start":{"line":3,"column":13},"end":{"line":3,"column":38}},"2":{"start":{"line":5,"column":0},"end":{"line":10,"column":3}},"3":{"start":{"line":6,"column":2},"end":{"line":9,"column":5}},"4":{"start":{"line":8,"column":4},"end":{"line":8,"column":56}}},"fnMap":{"0":{"name":"(anonymous_6)","decl":{"start":{"line":5,"column":12},"end":{"line":5,"column":15}},"loc":{"start":{"line":5,"column":17},"end":{"line":10,"column":1}}},"1":{"name":"(anonymous_7)","decl":{"start":{"line":6,"column":19},"end":{"line":6,"column":22}},"loc":{"start":{"line":6,"column":24},"end":{"line":9,"column":3}}}},"branchMap":{"0":{"loc":{"start":{"line":3,"column":13},"end":{"line":3,"column":38}},"type":"binary-expr","locations":[{"start":{"line":3,"column":13},"end":{"line":3,"column":30}},{"start":{"line":3,"column":34},"end":{"line":3,"column":38}}]}},"s":{"0":0,"1":0,"2":0,"3":0,"4":0},"f":{"0":0,"1":0},"b":{"0":[0,0]}}
,"/media/dell/7FB6DCE70CD2C5C3/Driven/Turma 7/drivent/src/config/database.ts": {"path":"/media/dell/7FB6DCE70CD2C5C3/Driven/Turma 7/drivent/src/config/database.ts","statementMap":{"0":{"start":{"line":1,"column":0},"end":{"line":1,"column":46}},"1":{"start":{"line":5,"column":2},"end":{"line":5,"column":30}},"2":{"start":{"line":4,"column":0},"end":{"line":4,"column":16}},"3":{"start":{"line":9,"column":2},"end":{"line":9,"column":30}},"4":{"start":{"line":8,"column":0},"end":{"line":8,"column":7}}},"fnMap":{"0":{"name":"connectDb","decl":{"start":{"line":4,"column":16},"end":{"line":4,"column":25}},"loc":{"start":{"line":4,"column":25},"end":{"line":6,"column":1}}},"1":{"name":"disconnectDB","decl":{"start":{"line":8,"column":22},"end":{"line":8,"column":34}},"loc":{"start":{"line":8,"column":34},"end":{"line":10,"column":1}}}},"branchMap":{},"s":{"0":14,"1":11,"2":14,"3":0,"4":14},"f":{"0":11,"1":0},"b":{}}
,"/media/dell/7FB6DCE70CD2C5C3/Driven/Turma 7/drivent/src/config/envs.ts": {"path":"/media/dell/7FB6DCE70CD2C5C3/Driven/Turma 7/drivent/src/config/envs.ts","statementMap":{"0":{"start":{"line":1,"column":0},"end":{"line":1,"column":28}},"1":{"start":{"line":2,"column":0},"end":{"line":2,"column":41}},"2":{"start":{"line":6,"column":4},"end":{"line":10,"column":16}},"3":{"start":{"line":12,"column":22},"end":{"line":12,"column":45}},"4":{"start":{"line":13,"column":2},"end":{"line":13,"column":35}},"5":{"start":{"line":4,"column":0},"end":{"line":4,"column":16}}},"fnMap":{"0":{"name":"loadEnv","decl":{"start":{"line":4,"column":16},"end":{"line":4,"column":23}},"loc":{"start":{"line":4,"column":23},"end":{"line":14,"column":1}}}},"branchMap":{"0":{"loc":{"start":{"line":6,"column":4},"end":{"line":10,"column":16}},"type":"cond-expr","locations":[{"start":{"line":7,"column":8},"end":{"line":7,"column":19}},{"start":{"line":8,"column":8},"end":{"line":10,"column":16}}]},"1":{"loc":{"start":{"line":8,"column":8},"end":{"line":10,"column":16}},"type":"cond-expr","locations":[{"start":{"line":9,"column":10},"end":{"line":9,"column":28}},{"start":{"line":10,"column":10},"end":{"line":10,"column":16}}]}},"s":{"0":14,"1":14,"2":25,"3":25,"4":25,"5":14},"f":{"0":25},"b":{"0":[25,0],"1":[0,0]}}
,"/media/dell/7FB6DCE70CD2C5C3/Driven/Turma 7/drivent/src/config/index.ts": {"path":"/media/dell/7FB6DCE70CD2C5C3/Driven/Turma 7/drivent/src/config/index.ts","statementMap":{"0":{"start":{"line":1,"column":0},"end":{"line":1,"column":23}},"1":{"start":{"line":2,"column":0},"end":{"line":2,"column":27}}},"fnMap":{},"branchMap":{},"s":{"0":14,"1":14},"f":{},"b":{}}
,"/media/dell/7FB6DCE70CD2C5C3/Driven/Turma 7/drivent/src/controllers/authentication-controller.ts": {"path":"/media/dell/7FB6DCE70CD2C5C3/Driven/Turma 7/drivent/src/controllers/authentication-controller.ts","statementMap":{"0":{"start":{"line":1,"column":0},"end":{"line":1,"column":88}},"1":{"start":{"line":3,"column":0},"end":{"line":3,"column":37}},"2":{"start":{"line":5,"column":30},"end":{"line":5,"column":54}},"3":{"start":{"line":7,"column":2},"end":{"line":13,"column":null}},"4":{"start":{"line":8,"column":19},"end":{"line":8,"column":74}},"5":{"start":{"line":10,"column":4},"end":{"line":10,"column":50}},"6":{"start":{"line":12,"column":4},"end":{"line":12,"column":56}},"7":{"start":{"line":4,"column":0},"end":{"line":4,"column":7}}},"fnMap":{"0":{"name":"singInPost","decl":{"start":{"line":4,"column":22},"end":{"line":4,"column":32}},"loc":{"start":{"line":4,"column":60},"end":{"line":14,"column":1}}}},"branchMap":{},"s":{"0":11,"1":11,"2":5,"3":5,"4":5,"5":3,"6":2,"7":11},"f":{"0":5},"b":{}}
,"/media/dell/7FB6DCE70CD2C5C3/Driven/Turma 7/drivent/src/controllers/booking-controller.ts": {"path":"/media/dell/7FB6DCE70CD2C5C3/Driven/Turma 7/drivent/src/controllers/booking-controller.ts","statementMap":{"0":{"start":{"line":3,"column":0},"end":{"line":3,"column":37}},"1":{"start":{"line":4,"column":0},"end":{"line":4,"column":57}},"2":{"start":{"line":7,"column":21},"end":{"line":7,"column":24}},"3":{"start":{"line":9,"column":2},"end":{"line":14,"column":null}},"4":{"start":{"line":10,"column":24},"end":{"line":10,"column":65}},"5":{"start":{"line":11,"column":4},"end":{"line":11,"column":55}},"6":{"start":{"line":13,"column":4},"end":{"line":13,"column":48}},"7":{"start":{"line":6,"column":0},"end":{"line":6,"column":7}},"8":{"start":{"line":18,"column":21},"end":{"line":18,"column":24}},"9":{"start":{"line":19,"column":21},"end":{"line":19,"column":29}},"10":{"start":{"line":21,"column":2},"end":{"line":23,"column":null}},"11":{"start":{"line":22,"column":4},"end":{"line":22,"column":48}},"12":{"start":{"line":25,"column":2},"end":{"line":33,"column":null}},"13":{"start":{"line":26,"column":22},"end":{"line":26,"column":72}},"14":{"start":{"line":27,"column":4},"end":{"line":27,"column":79}},"15":{"start":{"line":29,"column":4},"end":{"line":31,"column":null}},"16":{"start":{"line":30,"column":6},"end":{"line":30,"column":50}},"17":{"start":{"line":32,"column":4},"end":{"line":32,"column":48}},"18":{"start":{"line":17,"column":0},"end":{"line":17,"column":7}},"19":{"start":{"line":37,"column":21},"end":{"line":37,"column":24}},"20":{"start":{"line":38,"column":21},"end":{"line":38,"column":29}},"21":{"start":{"line":40,"column":2},"end":{"line":42,"column":null}},"22":{"start":{"line":41,"column":4},"end":{"line":41,"column":48}},"23":{"start":{"line":44,"column":22},"end":{"line":44,"column":50}},"24":{"start":{"line":45,"column":2},"end":{"line":47,"column":null}},"25":{"start":{"line":46,"column":4},"end":{"line":46,"column":50}},"26":{"start":{"line":49,"column":2},"end":{"line":57,"column":null}},"27":{"start":{"line":50,"column":26},"end":{"line":50,"column":88}},"28":{"start":{"line":51,"column":4},"end":{"line":51,"column":74}},"29":{"start":{"line":53,"column":4},"end":{"line":55,"column":null}},"30":{"start":{"line":54,"column":6},"end":{"line":54,"column":50}},"31":{"start":{"line":56,"column":4},"end":{"line":56,"column":48}},"32":{"start":{"line":36,"column":0},"end":{"line":36,"column":7}}},"fnMap":{"0":{"name":"getBookingId","decl":{"start":{"line":6,"column":22},"end":{"line":6,"column":34}},"loc":{"start":{"line":6,"column":75},"end":{"line":15,"column":1}}},"1":{"name":"postBookingId","decl":{"start":{"line":17,"column":22},"end":{"line":17,"column":35}},"loc":{"start":{"line":17,"column":76},"end":{"line":34,"column":1}}},"2":{"name":"putBookingId","decl":{"start":{"line":36,"column":22},"end":{"line":36,"column":34}},"loc":{"start":{"line":36,"column":75},"end":{"line":58,"column":1}}}},"branchMap":{"0":{"loc":{"start":{"line":21,"column":2},"end":{"line":23,"column":null}},"type":"if","locations":[{"start":{"line":21,"column":2},"end":{"line":23,"column":null}}]},"1":{"loc":{"start":{"line":21,"column":6},"end":{"line":21,"column":39}},"type":"binary-expr","locations":[{"start":{"line":21,"column":6},"end":{"line":21,"column":13}},{"start":{"line":21,"column":18},"end":{"line":21,"column":37}}]},"2":{"loc":{"start":{"line":29,"column":4},"end":{"line":31,"column":null}},"type":"if","locations":[{"start":{"line":29,"column":4},"end":{"line":31,"column":null}}]},"3":{"loc":{"start":{"line":40,"column":2},"end":{"line":42,"column":null}},"type":"if","locations":[{"start":{"line":40,"column":2},"end":{"line":42,"column":null}}]},"4":{"loc":{"start":{"line":40,"column":6},"end":{"line":40,"column":39}},"type":"binary-expr","locations":[{"start":{"line":40,"column":6},"end":{"line":40,"column":13}},{"start":{"line":40,"column":18},"end":{"line":40,"column":37}}]},"5":{"loc":{"start":{"line":45,"column":2},"end":{"line":47,"column":null}},"type":"if","locations":[{"start":{"line":45,"column":2},"end":{"line":47,"column":null}}]},"6":{"loc":{"start":{"line":45,"column":6},"end":{"line":45,"column":49}},"type":"binary-expr","locations":[{"start":{"line":45,"column":6},"end":{"line":45,"column":18}},{"start":{"line":45,"column":23},"end":{"line":45,"column":47}}]},"7":{"loc":{"start":{"line":53,"column":4},"end":{"line":55,"column":null}},"type":"if","locations":[{"start":{"line":53,"column":4},"end":{"line":55,"column":null}}]}},"s":{"0":11,"1":11,"2":3,"3":3,"4":3,"5":1,"6":2,"7":11,"8":5,"9":5,"10":5,"11":3,"12":2,"13":2,"14":1,"15":1,"16":1,"17":0,"18":11,"19":6,"20":6,"21":6,"22":3,"23":3,"24":3,"25":1,"26":2,"27":2,"28":0,"29":2,"30":2,"31":0,"32":11},"f":{"0":3,"1":5,"2":6},"b":{"0":[3],"1":[5,3],"2":[1],"3":[3],"4":[6,4],"5":[1],"6":[3,2],"7":[2]}}
,"/media/dell/7FB6DCE70CD2C5C3/Driven/Turma 7/drivent/src/controllers/enrollments-controller.ts": {"path":"/media/dell/7FB6DCE70CD2C5C3/Driven/Turma 7/drivent/src/controllers/enrollments-controller.ts","statementMap":{"0":{"start":{"line":2,"column":0},"end":{"line":2,"column":64}},"1":{"start":{"line":4,"column":0},"end":{"line":4,"column":37}},"2":{"start":{"line":7,"column":21},"end":{"line":7,"column":24}},"3":{"start":{"line":9,"column":2},"end":{"line":15,"column":null}},"4":{"start":{"line":10,"column":34},"end":{"line":10,"column":92}},"5":{"start":{"line":12,"column":4},"end":{"line":12,"column":65}},"6":{"start":{"line":14,"column":4},"end":{"line":14,"column":49}},"7":{"start":{"line":6,"column":0},"end":{"line":6,"column":7}},"8":{"start":{"line":19,"column":2},"end":{"line":28,"column":null}},"9":{"start":{"line":20,"column":4},"end":{"line":23,"column":7}},"10":{"start":{"line":25,"column":4},"end":{"line":25,"column":41}},"11":{"start":{"line":27,"column":4},"end":{"line":27,"column":50}},"12":{"start":{"line":18,"column":0},"end":{"line":18,"column":7}},"13":{"start":{"line":32,"column":18},"end":{"line":32,"column":53}},"14":{"start":{"line":34,"column":2},"end":{"line":41,"column":null}},"15":{"start":{"line":35,"column":20},"end":{"line":35,"column":67}},"16":{"start":{"line":36,"column":4},"end":{"line":36,"column":51}},"17":{"start":{"line":38,"column":4},"end":{"line":40,"column":null}},"18":{"start":{"line":39,"column":6},"end":{"line":39,"column":45}},"19":{"start":{"line":31,"column":0},"end":{"line":31,"column":7}}},"fnMap":{"0":{"name":"getEnrollmentByUser","decl":{"start":{"line":6,"column":22},"end":{"line":6,"column":41}},"loc":{"start":{"line":6,"column":82},"end":{"line":16,"column":1}}},"1":{"name":"postCreateOrUpdateEnrollment","decl":{"start":{"line":18,"column":22},"end":{"line":18,"column":50}},"loc":{"start":{"line":18,"column":91},"end":{"line":29,"column":1}}},"2":{"name":"getAddressFromCEP","decl":{"start":{"line":31,"column":22},"end":{"line":31,"column":39}},"loc":{"start":{"line":31,"column":80},"end":{"line":42,"column":1}}}},"branchMap":{"0":{"loc":{"start":{"line":38,"column":4},"end":{"line":40,"column":null}},"type":"if","locations":[{"start":{"line":38,"column":4},"end":{"line":40,"column":null}}]}},"s":{"0":11,"1":11,"2":2,"3":2,"4":2,"5":1,"6":1,"7":11,"8":2,"9":2,"10":2,"11":0,"12":11,"13":2,"14":2,"15":2,"16":1,"17":1,"18":1,"19":11},"f":{"0":2,"1":2,"2":2},"b":{"0":[1]}}
,"/media/dell/7FB6DCE70CD2C5C3/Driven/Turma 7/drivent/src/controllers/events-controller.ts": {"path":"/media/dell/7FB6DCE70CD2C5C3/Driven/Turma 7/drivent/src/controllers/events-controller.ts","statementMap":{"0":{"start":{"line":1,"column":0},"end":{"line":1,"column":54}},"1":{"start":{"line":3,"column":0},"end":{"line":3,"column":37}},"2":{"start":{"line":6,"column":2},"end":{"line":11,"column":null}},"3":{"start":{"line":7,"column":18},"end":{"line":7,"column":53}},"4":{"start":{"line":8,"column":4},"end":{"line":8,"column":49}},"5":{"start":{"line":10,"column":4},"end":{"line":10,"column":53}},"6":{"start":{"line":5,"column":0},"end":{"line":5,"column":7}}},"fnMap":{"0":{"name":"getDefaultEvent","decl":{"start":{"line":5,"column":22},"end":{"line":5,"column":37}},"loc":{"start":{"line":5,"column":66},"end":{"line":12,"column":1}}}},"branchMap":{},"s":{"0":11,"1":11,"2":2,"3":2,"4":1,"5":1,"6":11},"f":{"0":2},"b":{}}
,"/media/dell/7FB6DCE70CD2C5C3/Driven/Turma 7/drivent/src/controllers/hotels-controller.ts": {"path":"/media/dell/7FB6DCE70CD2C5C3/Driven/Turma 7/drivent/src/controllers/hotels-controller.ts","statementMap":{"0":{"start":{"line":3,"column":0},"end":{"line":3,"column":37}},"1":{"start":{"line":4,"column":0},"end":{"line":4,"column":55}},"2":{"start":{"line":7,"column":21},"end":{"line":7,"column":24}},"3":{"start":{"line":9,"column":2},"end":{"line":15,"column":null}},"4":{"start":{"line":10,"column":23},"end":{"line":10,"column":68}},"5":{"start":{"line":12,"column":4},"end":{"line":12,"column":54}},"6":{"start":{"line":14,"column":4},"end":{"line":14,"column":48}},"7":{"start":{"line":6,"column":0},"end":{"line":6,"column":7}},"8":{"start":{"line":19,"column":21},"end":{"line":19,"column":24}},"9":{"start":{"line":20,"column":23},"end":{"line":20,"column":33}},"10":{"start":{"line":21,"column":2},"end":{"line":26,"column":null}},"11":{"start":{"line":22,"column":25},"end":{"line":22,"column":89}},"12":{"start":{"line":23,"column":4},"end":{"line":23,"column":56}},"13":{"start":{"line":25,"column":4},"end":{"line":25,"column":48}},"14":{"start":{"line":18,"column":0},"end":{"line":18,"column":7}}},"fnMap":{"0":{"name":"getPaidTicketWithAccommodation","decl":{"start":{"line":6,"column":22},"end":{"line":6,"column":52}},"loc":{"start":{"line":6,"column":93},"end":{"line":16,"column":1}}},"1":{"name":"getHotelsId","decl":{"start":{"line":18,"column":22},"end":{"line":18,"column":33}},"loc":{"start":{"line":18,"column":74},"end":{"line":27,"column":1}}}},"branchMap":{},"s":{"0":11,"1":11,"2":6,"3":6,"4":6,"5":1,"6":5,"7":11,"8":1,"9":1,"10":1,"11":1,"12":0,"13":1,"14":11},"f":{"0":6,"1":1},"b":{}}
,"/media/dell/7FB6DCE70CD2C5C3/Driven/Turma 7/drivent/src/controllers/index.ts": {"path":"/media/dell/7FB6DCE70CD2C5C3/Driven/Turma 7/drivent/src/controllers/index.ts","statementMap":{"0":{"start":{"line":1,"column":0},"end":{"line":1,"column":35}},"1":{"start":{"line":2,"column":0},"end":{"line":2,"column":44}},"2":{"start":{"line":3,"column":0},"end":{"line":3,"column":36}},"3":{"start":{"line":4,"column":0},"end":{"line":4,"column":41}},"4":{"start":{"line":5,"column":0},"end":{"line":5,"column":37}},"5":{"start":{"line":6,"column":0},"end":{"line":6,"column":38}},"6":{"start":{"line":7,"column":0},"end":{"line":7,"column":36}},"7":{"start":{"line":8,"column":0},"end":{"line":8,"column":37}}},"fnMap":{},"branchMap":{},"s":{"0":11,"1":11,"2":11,"3":11,"4":11,"5":11,"6":11,"7":11},"f":{},"b":{}}
,"/media/dell/7FB6DCE70CD2C5C3/Driven/Turma 7/drivent/src/controllers/payments-controller.ts": {"path":"/media/dell/7FB6DCE70CD2C5C3/Driven/Turma 7/drivent/src/controllers/payments-controller.ts","statementMap":{"0":{"start":{"line":2,"column":0},"end":{"line":2,"column":57}},"1":{"start":{"line":4,"column":0},"end":{"line":4,"column":37}},"2":{"start":{"line":7,"column":2},"end":{"line":25,"column":null}},"3":{"start":{"line":8,"column":21},"end":{"line":8,"column":47}},"4":{"start":{"line":9,"column":23},"end":{"line":9,"column":26}},"5":{"start":{"line":11,"column":4},"end":{"line":13,"column":null}},"6":{"start":{"line":12,"column":6},"end":{"line":12,"column":52}},"7":{"start":{"line":14,"column":20},"end":{"line":14,"column":79}},"8":{"start":{"line":16,"column":4},"end":{"line":18,"column":null}},"9":{"start":{"line":17,"column":6},"end":{"line":17,"column":50}},"10":{"start":{"line":19,"column":4},"end":{"line":19,"column":51}},"11":{"start":{"line":21,"column":4},"end":{"line":23,"column":null}},"12":{"start":{"line":22,"column":6},"end":{"line":22,"column":53}},"13":{"start":{"line":24,"column":4},"end":{"line":24,"column":48}},"14":{"start":{"line":6,"column":0},"end":{"line":6,"column":7}},"15":{"start":{"line":29,"column":2},"end":{"line":51,"column":null}},"16":{"start":{"line":30,"column":23},"end":{"line":30,"column":26}},"17":{"start":{"line":34,"column":8},"end":{"line":34,"column":16}},"18":{"start":{"line":36,"column":4},"end":{"line":38,"column":null}},"19":{"start":{"line":37,"column":6},"end":{"line":37,"column":52}},"20":{"start":{"line":39,"column":20},"end":{"line":39,"column":83}},"21":{"start":{"line":41,"column":4},"end":{"line":43,"column":null}},"22":{"start":{"line":42,"column":6},"end":{"line":42,"column":50}},"23":{"start":{"line":45,"column":4},"end":{"line":45,"column":51}},"24":{"start":{"line":47,"column":4},"end":{"line":49,"column":null}},"25":{"start":{"line":48,"column":6},"end":{"line":48,"column":53}},"26":{"start":{"line":50,"column":4},"end":{"line":50,"column":48}},"27":{"start":{"line":28,"column":0},"end":{"line":28,"column":7}}},"fnMap":{"0":{"name":"getPaymentByTicketId","decl":{"start":{"line":6,"column":22},"end":{"line":6,"column":42}},"loc":{"start":{"line":6,"column":83},"end":{"line":26,"column":1}}},"1":{"name":"paymentProcess","decl":{"start":{"line":28,"column":22},"end":{"line":28,"column":36}},"loc":{"start":{"line":28,"column":77},"end":{"line":52,"column":1}}}},"branchMap":{"0":{"loc":{"start":{"line":11,"column":4},"end":{"line":13,"column":null}},"type":"if","locations":[{"start":{"line":11,"column":4},"end":{"line":13,"column":null}}]},"1":{"loc":{"start":{"line":16,"column":4},"end":{"line":18,"column":null}},"type":"if","locations":[{"start":{"line":16,"column":4},"end":{"line":18,"column":null}}]},"2":{"loc":{"start":{"line":21,"column":4},"end":{"line":23,"column":null}},"type":"if","locations":[{"start":{"line":21,"column":4},"end":{"line":23,"column":null}}]},"3":{"loc":{"start":{"line":36,"column":4},"end":{"line":38,"column":null}},"type":"if","locations":[{"start":{"line":36,"column":4},"end":{"line":38,"column":null}}]},"4":{"loc":{"start":{"line":36,"column":8},"end":{"line":36,"column":30}},"type":"binary-expr","locations":[{"start":{"line":36,"column":8},"end":{"line":36,"column":17}},{"start":{"line":36,"column":21},"end":{"line":36,"column":30}}]},"5":{"loc":{"start":{"line":41,"column":4},"end":{"line":43,"column":null}},"type":"if","locations":[{"start":{"line":41,"column":4},"end":{"line":43,"column":null}}]},"6":{"loc":{"start":{"line":47,"column":4},"end":{"line":49,"column":null}},"type":"if","locations":[{"start":{"line":47,"column":4},"end":{"line":49,"column":null}}]}},"s":{"0":11,"1":11,"2":4,"3":4,"4":4,"5":4,"6":1,"7":3,"8":1,"9":0,"10":1,"11":2,"12":1,"13":1,"14":11,"15":7,"16":7,"17":7,"18":7,"19":2,"20":5,"21":3,"22":0,"23":3,"24":2,"25":1,"26":1,"27":11},"f":{"0":4,"1":7},"b":{"0":[1],"1":[0],"2":[1],"3":[2],"4":[7,6],"5":[0],"6":[1]}}
,"/media/dell/7FB6DCE70CD2C5C3/Driven/Turma 7/drivent/src/controllers/tickets-controller.ts": {"path":"/media/dell/7FB6DCE70CD2C5C3/Driven/Turma 7/drivent/src/controllers/tickets-controller.ts","statementMap":{"0":{"start":{"line":2,"column":0},"end":{"line":2,"column":55}},"1":{"start":{"line":4,"column":0},"end":{"line":4,"column":37}},"2":{"start":{"line":7,"column":2},"end":{"line":13,"column":null}},"3":{"start":{"line":8,"column":24},"end":{"line":8,"column":60}},"4":{"start":{"line":10,"column":4},"end":{"line":10,"column":55}},"5":{"start":{"line":12,"column":4},"end":{"line":12,"column":49}},"6":{"start":{"line":6,"column":0},"end":{"line":6,"column":7}},"7":{"start":{"line":17,"column":21},"end":{"line":17,"column":24}},"8":{"start":{"line":19,"column":2},"end":{"line":25,"column":null}},"9":{"start":{"line":20,"column":24},"end":{"line":20,"column":69}},"10":{"start":{"line":22,"column":4},"end":{"line":22,"column":55}},"11":{"start":{"line":24,"column":4},"end":{"line":24,"column":48}},"12":{"start":{"line":16,"column":0},"end":{"line":16,"column":7}},"13":{"start":{"line":29,"column":21},"end":{"line":29,"column":24}},"14":{"start":{"line":32,"column":27},"end":{"line":32,"column":35}},"15":{"start":{"line":34,"column":2},"end":{"line":36,"column":null}},"16":{"start":{"line":35,"column":4},"end":{"line":35,"column":50}},"17":{"start":{"line":38,"column":2},"end":{"line":44,"column":null}},"18":{"start":{"line":39,"column":24},"end":{"line":39,"column":78}},"19":{"start":{"line":41,"column":4},"end":{"line":41,"column":60}},"20":{"start":{"line":43,"column":4},"end":{"line":43,"column":48}},"21":{"start":{"line":28,"column":0},"end":{"line":28,"column":7}}},"fnMap":{"0":{"name":"getTicketTypes","decl":{"start":{"line":6,"column":22},"end":{"line":6,"column":36}},"loc":{"start":{"line":6,"column":77},"end":{"line":14,"column":1}}},"1":{"name":"getTickets","decl":{"start":{"line":16,"column":22},"end":{"line":16,"column":32}},"loc":{"start":{"line":16,"column":73},"end":{"line":26,"column":1}}},"2":{"name":"createTicket","decl":{"start":{"line":28,"column":22},"end":{"line":28,"column":34}},"loc":{"start":{"line":28,"column":75},"end":{"line":45,"column":1}}}},"branchMap":{"0":{"loc":{"start":{"line":34,"column":2},"end":{"line":36,"column":null}},"type":"if","locations":[{"start":{"line":34,"column":2},"end":{"line":36,"column":null}}]}},"s":{"0":11,"1":11,"2":2,"3":2,"4":2,"5":0,"6":11,"7":3,"8":3,"9":3,"10":1,"11":2,"12":11,"13":4,"14":4,"15":4,"16":1,"17":3,"18":3,"19":2,"20":1,"21":11},"f":{"0":2,"1":3,"2":4},"b":{"0":[1]}}
,"/media/dell/7FB6DCE70CD2C5C3/Driven/Turma 7/drivent/src/controllers/users-controller.ts": {"path":"/media/dell/7FB6DCE70CD2C5C3/Driven/Turma 7/drivent/src/controllers/users-controller.ts","statementMap":{"0":{"start":{"line":1,"column":0},"end":{"line":1,"column":51}},"1":{"start":{"line":3,"column":0},"end":{"line":3,"column":37}},"2":{"start":{"line":6,"column":30},"end":{"line":6,"column":38}},"3":{"start":{"line":8,"column":2},"end":{"line":19,"column":null}},"4":{"start":{"line":9,"column":17},"end":{"line":9,"column":66}},"5":{"start":{"line":10,"column":4},"end":{"line":13,"column":7}},"6":{"start":{"line":15,"column":4},"end":{"line":17,"column":null}},"7":{"start":{"line":16,"column":6},"end":{"line":16,"column":57}},"8":{"start":{"line":18,"column":4},"end":{"line":18,"column":58}},"9":{"start":{"line":5,"column":0},"end":{"line":5,"column":7}}},"fnMap":{"0":{"name":"usersPost","decl":{"start":{"line":5,"column":22},"end":{"line":5,"column":31}},"loc":{"start":{"line":5,"column":59},"end":{"line":20,"column":1}}}},"branchMap":{"0":{"loc":{"start":{"line":15,"column":4},"end":{"line":17,"column":null}},"type":"if","locations":[{"start":{"line":15,"column":4},"end":{"line":17,"column":null}}]}},"s":{"0":11,"1":11,"2":6,"3":6,"4":6,"5":3,"6":3,"7":1,"8":2,"9":11},"f":{"0":6},"b":{"0":[1]}}
,"/media/dell/7FB6DCE70CD2C5C3/Driven/Turma 7/drivent/src/errors/cannot-enroll-before-start-date-error.ts": {"path":"/media/dell/7FB6DCE70CD2C5C3/Driven/Turma 7/drivent/src/errors/cannot-enroll-before-start-date-error.ts","statementMap":{"0":{"start":{"line":4,"column":2},"end":{"line":7,"column":4}},"1":{"start":{"line":3,"column":0},"end":{"line":3,"column":16}}},"fnMap":{"0":{"name":"cannotEnrollBeforeStartDateError","decl":{"start":{"line":3,"column":16},"end":{"line":3,"column":48}},"loc":{"start":{"line":3,"column":48},"end":{"line":8,"column":1}}}},"branchMap":{},"s":{"0":2,"1":11},"f":{"0":2},"b":{}}
,"/media/dell/7FB6DCE70CD2C5C3/Driven/Turma 7/drivent/src/errors/conflict-error.ts": {"path":"/media/dell/7FB6DCE70CD2C5C3/Driven/Turma 7/drivent/src/errors/conflict-error.ts","statementMap":{"0":{"start":{"line":4,"column":2},"end":{"line":7,"column":4}},"1":{"start":{"line":3,"column":0},"end":{"line":3,"column":16}}},"fnMap":{"0":{"name":"conflictError","decl":{"start":{"line":3,"column":16},"end":{"line":3,"column":29}},"loc":{"start":{"line":3,"column":45},"end":{"line":8,"column":1}}}},"branchMap":{},"s":{"0":0,"1":11},"f":{"0":0},"b":{}}
,"/media/dell/7FB6DCE70CD2C5C3/Driven/Turma 7/drivent/src/errors/forbidden.ts": {"path":"/media/dell/7FB6DCE70CD2C5C3/Driven/Turma 7/drivent/src/errors/forbidden.ts","statementMap":{"0":{"start":{"line":4,"column":2},"end":{"line":7,"column":4}},"1":{"start":{"line":3,"column":0},"end":{"line":3,"column":18}}},"fnMap":{"0":{"name":"Forbidden","decl":{"start":{"line":3,"column":18},"end":{"line":3,"column":27}},"loc":{"start":{"line":3,"column":27},"end":{"line":8,"column":1}}}},"branchMap":{},"s":{"0":3,"1":11},"f":{"0":3},"b":{}}
,"/media/dell/7FB6DCE70CD2C5C3/Driven/Turma 7/drivent/src/errors/index.ts": {"path":"/media/dell/7FB6DCE70CD2C5C3/Driven/Turma 7/drivent/src/errors/index.ts","statementMap":{"0":{"start":{"line":1,"column":0},"end":{"line":1,"column":56}},"1":{"start":{"line":2,"column":0},"end":{"line":2,"column":33}},"2":{"start":{"line":3,"column":0},"end":{"line":3,"column":37}},"3":{"start":{"line":4,"column":0},"end":{"line":4,"column":38}},"4":{"start":{"line":5,"column":0},"end":{"line":5,"column":34}},"5":{"start":{"line":6,"column":0},"end":{"line":6,"column":37}},"6":{"start":{"line":7,"column":0},"end":{"line":7,"column":32}}},"fnMap":{},"branchMap":{},"s":{"0":11,"1":11,"2":11,"3":11,"4":11,"5":11,"6":11},"f":{},"b":{}}
,"/media/dell/7FB6DCE70CD2C5C3/Driven/Turma 7/drivent/src/errors/invalid-data-error.ts": {"path":"/media/dell/7FB6DCE70CD2C5C3/Driven/Turma 7/drivent/src/errors/invalid-data-error.ts","statementMap":{"0":{"start":{"line":4,"column":2},"end":{"line":8,"column":4}},"1":{"start":{"line":3,"column":0},"end":{"line":3,"column":16}}},"fnMap":{"0":{"name":"invalidDataError","decl":{"start":{"line":3,"column":16},"end":{"line":3,"column":32}},"loc":{"start":{"line":3,"column":50},"end":{"line":9,"column":1}}}},"branchMap":{},"s":{"0":7,"1":11},"f":{"0":7},"b":{}}
,"/media/dell/7FB6DCE70CD2C5C3/Driven/Turma 7/drivent/src/errors/invalid-email-error.ts": {"path":"/media/dell/7FB6DCE70CD2C5C3/Driven/Turma 7/drivent/src/errors/invalid-email-error.ts","statementMap":{"0":{"start":{"line":4,"column":2},"end":{"line":8,"column":4}},"1":{"start":{"line":3,"column":0},"end":{"line":3,"column":16}}},"fnMap":{"0":{"name":"invalidEmailError","decl":{"start":{"line":3,"column":16},"end":{"line":3,"column":33}},"loc":{"start":{"line":3,"column":47},"end":{"line":9,"column":1}}}},"branchMap":{},"s":{"0":0,"1":11},"f":{"0":0},"b":{}}
,"/media/dell/7FB6DCE70CD2C5C3/Driven/Turma 7/drivent/src/errors/not-found-error.ts": {"path":"/media/dell/7FB6DCE70CD2C5C3/Driven/Turma 7/drivent/src/errors/not-found-error.ts","statementMap":{"0":{"start":{"line":4,"column":2},"end":{"line":7,"column":4}},"1":{"start":{"line":3,"column":0},"end":{"line":3,"column":18}}},"fnMap":{"0":{"name":"notFoundError","decl":{"start":{"line":3,"column":18},"end":{"line":3,"column":31}},"loc":{"start":{"line":3,"column":31},"end":{"line":8,"column":1}}}},"branchMap":{},"s":{"0":15,"1":11},"f":{"0":15},"b":{}}
,"/media/dell/7FB6DCE70CD2C5C3/Driven/Turma 7/drivent/src/errors/request-error.ts": {"path":"/media/dell/7FB6DCE70CD2C5C3/Driven/Turma 7/drivent/src/errors/request-error.ts","statementMap":{"0":{"start":{"line":4,"column":2},"end":{"line":10,"column":4}},"1":{"start":{"line":3,"column":0},"end":{"line":3,"column":16}}},"fnMap":{"0":{"name":"requestError","decl":{"start":{"line":3,"column":16},"end":{"line":3,"column":28}},"loc":{"start":{"line":3,"column":63},"end":{"line":11,"column":1}}}},"branchMap":{},"s":{"0":1,"1":11},"f":{"0":1},"b":{}}
,"/media/dell/7FB6DCE70CD2C5C3/Driven/Turma 7/drivent/src/errors/unauthorized-error.ts": {"path":"/media/dell/7FB6DCE70CD2C5C3/Driven/Turma 7/drivent/src/errors/unauthorized-error.ts","statementMap":{"0":{"start":{"line":4,"column":2},"end":{"line":7,"column":4}},"1":{"start":{"line":3,"column":0},"end":{"line":3,"column":16}}},"fnMap":{"0":{"name":"unauthorizedError","decl":{"start":{"line":3,"column":16},"end":{"line":3,"column":33}},"loc":{"start":{"line":3,"column":33},"end":{"line":8,"column":1}}}},"branchMap":{},"s":{"0":39,"1":11},"f":{"0":39},"b":{}}
,"/media/dell/7FB6DCE70CD2C5C3/Driven/Turma 7/drivent/src/middlewares/authentication-middleware.ts": {"path":"/media/dell/7FB6DCE70CD2C5C3/Driven/Turma 7/drivent/src/middlewares/authentication-middleware.ts","statementMap":{"0":{"start":{"line":2,"column":0},"end":{"line":2,"column":37}},"1":{"start":{"line":3,"column":0},"end":{"line":3,"column":36}},"2":{"start":{"line":5,"column":0},"end":{"line":5,"column":45}},"3":{"start":{"line":6,"column":0},"end":{"line":6,"column":34}},"4":{"start":{"line":9,"column":21},"end":{"line":9,"column":48}},"5":{"start":{"line":10,"column":2},"end":{"line":10,"column":60}},"6":{"start":{"line":10,"column":19},"end":{"line":10,"column":60}},"7":{"start":{"line":12,"column":16},"end":{"line":12,"column":40}},"8":{"start":{"line":13,"column":2},"end":{"line":13,"column":55}},"9":{"start":{"line":13,"column":14},"end":{"line":13,"column":55}},"10":{"start":{"line":15,"column":2},"end":{"line":30,"column":null}},"11":{"start":{"line":16,"column":23},"end":{"line":16,"column":78}},"12":{"start":{"line":18,"column":20},"end":{"line":22,"column":6}},"13":{"start":{"line":23,"column":4},"end":{"line":23,"column":59}},"14":{"start":{"line":23,"column":18},"end":{"line":23,"column":59}},"15":{"start":{"line":25,"column":4},"end":{"line":25,"column":24}},"16":{"start":{"line":27,"column":4},"end":{"line":27,"column":18}},"17":{"start":{"line":29,"column":4},"end":{"line":29,"column":45}},"18":{"start":{"line":8,"column":0},"end":{"line":8,"column":7}},"19":{"start":{"line":34,"column":2},"end":{"line":34,"column":64}}},"fnMap":{"0":{"name":"authenticateToken","decl":{"start":{"line":8,"column":22},"end":{"line":8,"column":39}},"loc":{"start":{"line":8,"column":100},"end":{"line":31,"column":1}}},"1":{"name":"generateUnauthorizedResponse","decl":{"start":{"line":33,"column":9},"end":{"line":33,"column":37}},"loc":{"start":{"line":33,"column":51},"end":{"line":35,"column":1}}}},"branchMap":{"0":{"loc":{"start":{"line":10,"column":2},"end":{"line":10,"column":60}},"type":"if","locations":[{"start":{"line":10,"column":2},"end":{"line":10,"column":60}}]},"1":{"loc":{"start":{"line":13,"column":2},"end":{"line":13,"column":55}},"type":"if","locations":[{"start":{"line":13,"column":2},"end":{"line":13,"column":55}}]},"2":{"loc":{"start":{"line":23,"column":4},"end":{"line":23,"column":59}},"type":"if","locations":[{"start":{"line":23,"column":4},"end":{"line":23,"column":59}}]}},"s":{"0":11,"1":11,"2":11,"3":11,"4":85,"5":85,"6":12,"7":73,"8":73,"9":0,"10":73,"11":73,"12":61,"13":61,"14":13,"15":48,"16":48,"17":12,"18":11,"19":37},"f":{"0":85,"1":37},"b":{"0":[12],"1":[0],"2":[13]}}
,"/media/dell/7FB6DCE70CD2C5C3/Driven/Turma 7/drivent/src/middlewares/error-handling-middleware.ts": {"path":"/media/dell/7FB6DCE70CD2C5C3/Driven/Turma 7/drivent/src/middlewares/error-handling-middleware.ts","statementMap":{"0":{"start":{"line":3,"column":0},"end":{"line":3,"column":37}},"1":{"start":{"line":6,"column":2},"end":{"line":10,"column":null}},"2":{"start":{"line":7,"column":4},"end":{"line":9,"column":7}},"3":{"start":{"line":12,"column":2},"end":{"line":16,"column":null}},"4":{"start":{"line":13,"column":4},"end":{"line":15,"column":7}},"5":{"start":{"line":18,"column":2},"end":{"line":22,"column":null}},"6":{"start":{"line":19,"column":4},"end":{"line":21,"column":7}},"7":{"start":{"line":24,"column":2},"end":{"line":28,"column":null}},"8":{"start":{"line":25,"column":4},"end":{"line":27,"column":7}},"9":{"start":{"line":30,"column":2},"end":{"line":34,"column":null}},"10":{"start":{"line":31,"column":4},"end":{"line":33,"column":7}},"11":{"start":{"line":35,"column":2},"end":{"line":39,"column":null}},"12":{"start":{"line":36,"column":4},"end":{"line":38,"column":7}},"13":{"start":{"line":42,"column":2},"end":{"line":45,"column":5}},"14":{"start":{"line":5,"column":0},"end":{"line":5,"column":16}}},"fnMap":{"0":{"name":"handleApplicationErrors","decl":{"start":{"line":5,"column":16},"end":{"line":5,"column":39}},"loc":{"start":{"line":5,"column":99},"end":{"line":46,"column":1}}}},"branchMap":{"0":{"loc":{"start":{"line":6,"column":2},"end":{"line":10,"column":null}},"type":"if","locations":[{"start":{"line":6,"column":2},"end":{"line":10,"column":null}}]},"1":{"loc":{"start":{"line":12,"column":2},"end":{"line":16,"column":null}},"type":"if","locations":[{"start":{"line":12,"column":2},"end":{"line":16,"column":null}}]},"2":{"loc":{"start":{"line":12,"column":6},"end":{"line":12,"column":73}},"type":"binary-expr","locations":[{"start":{"line":12,"column":6},"end":{"line":12,"column":34}},{"start":{"line":12,"column":38},"end":{"line":12,"column":73}}]},"3":{"loc":{"start":{"line":18,"column":2},"end":{"line":22,"column":null}},"type":"if","locations":[{"start":{"line":18,"column":2},"end":{"line":22,"column":null}}]},"4":{"loc":{"start":{"line":24,"column":2},"end":{"line":28,"column":null}},"type":"if","locations":[{"start":{"line":24,"column":2},"end":{"line":28,"column":null}}]},"5":{"loc":{"start":{"line":30,"column":2},"end":{"line":34,"column":null}},"type":"if","locations":[{"start":{"line":30,"column":2},"end":{"line":34,"column":null}}]},"6":{"loc":{"start":{"line":35,"column":2},"end":{"line":39,"column":null}},"type":"if","locations":[{"start":{"line":35,"column":2},"end":{"line":39,"column":null}}]}},"s":{"0":11,"1":0,"2":0,"3":0,"4":0,"5":0,"6":0,"7":0,"8":0,"9":0,"10":0,"11":0,"12":0,"13":0,"14":11},"f":{"0":0},"b":{"0":[0],"1":[0],"2":[0,0],"3":[0],"4":[0],"5":[0],"6":[0]}}
,"/media/dell/7FB6DCE70CD2C5C3/Driven/Turma 7/drivent/src/middlewares/index.ts": {"path":"/media/dell/7FB6DCE70CD2C5C3/Driven/Turma 7/drivent/src/middlewares/index.ts","statementMap":{"0":{"start":{"line":1,"column":0},"end":{"line":1,"column":44}},"1":{"start":{"line":2,"column":0},"end":{"line":2,"column":40}},"2":{"start":{"line":3,"column":0},"end":{"line":3,"column":44}}},"fnMap":{},"branchMap":{},"s":{"0":11,"1":11,"2":11},"f":{},"b":{}}
,"/media/dell/7FB6DCE70CD2C5C3/Driven/Turma 7/drivent/src/middlewares/validation-middleware.ts": {"path":"/media/dell/7FB6DCE70CD2C5C3/Driven/Turma 7/drivent/src/middlewares/validation-middleware.ts","statementMap":{"0":{"start":{"line":1,"column":0},"end":{"line":1,"column":44}},"1":{"start":{"line":3,"column":0},"end":{"line":3,"column":37}},"2":{"start":{"line":7,"column":2},"end":{"line":7,"column":34}},"3":{"start":{"line":6,"column":0},"end":{"line":6,"column":16}},"4":{"start":{"line":11,"column":2},"end":{"line":11,"column":36}},"5":{"start":{"line":10,"column":0},"end":{"line":10,"column":16}},"6":{"start":{"line":15,"column":2},"end":{"line":25,"column":4}},"7":{"start":{"line":16,"column":22},"end":{"line":18,"column":6}},"8":{"start":{"line":20,"column":4},"end":{"line":24,"column":null}},"9":{"start":{"line":21,"column":6},"end":{"line":21,"column":13}},"10":{"start":{"line":23,"column":6},"end":{"line":23,"column":101}},"11":{"start":{"line":23,"column":88},"end":{"line":23,"column":97}}},"fnMap":{"0":{"name":"validateBody","decl":{"start":{"line":6,"column":16},"end":{"line":6,"column":28}},"loc":{"start":{"line":6,"column":55},"end":{"line":8,"column":1}}},"1":{"name":"validateParams","decl":{"start":{"line":10,"column":16},"end":{"line":10,"column":30}},"loc":{"start":{"line":10,"column":57},"end":{"line":12,"column":1}}},"2":{"name":"validate","decl":{"start":{"line":14,"column":9},"end":{"line":14,"column":17}},"loc":{"start":{"line":14,"column":63},"end":{"line":26,"column":1}}},"3":{"name":"(anonymous_4)","decl":{"start":{"line":15,"column":9},"end":{"line":15,"column":10}},"loc":{"start":{"line":15,"column":61},"end":{"line":25,"column":3}}},"4":{"name":"(anonymous_5)","decl":{"start":{"line":23,"column":81},"end":{"line":23,"column":82}},"loc":{"start":{"line":23,"column":88},"end":{"line":23,"column":97}}}},"branchMap":{"0":{"loc":{"start":{"line":20,"column":4},"end":{"line":24,"column":null}},"type":"if","locations":[{"start":{"line":20,"column":4},"end":{"line":24,"column":null}},{"start":{"line":22,"column":11},"end":{"line":24,"column":null}}]}},"s":{"0":11,"1":11,"2":33,"3":11,"4":0,"5":11,"6":33,"7":20,"8":20,"9":13,"10":7,"11":23},"f":{"0":33,"1":0,"2":33,"3":20,"4":23},"b":{"0":[13,7]}}
,"/media/dell/7FB6DCE70CD2C5C3/Driven/Turma 7/drivent/src/repositories/address-repository/index.ts": {"path":"/media/dell/7FB6DCE70CD2C5C3/Driven/Turma 7/drivent/src/repositories/address-repository/index.ts","statementMap":{"0":{"start":{"line":1,"column":0},"end":{"line":1,"column":34}},"1":{"start":{"line":5,"column":2},"end":{"line":14,"column":5}},"2":{"start":{"line":20,"column":26},"end":{"line":22,"column":2}},"3":{"start":{"line":24,"column":0},"end":{"line":24,"column":33}}},"fnMap":{"0":{"name":"upsert","decl":{"start":{"line":4,"column":15},"end":{"line":4,"column":21}},"loc":{"start":{"line":4,"column":116},"end":{"line":15,"column":1}}}},"branchMap":{},"s":{"0":11,"1":2,"2":11,"3":11},"f":{"0":2},"b":{}}
,"/media/dell/7FB6DCE70CD2C5C3/Driven/Turma 7/drivent/src/repositories/booking-repository/index.ts": {"path":"/media/dell/7FB6DCE70CD2C5C3/Driven/Turma 7/drivent/src/repositories/booking-repository/index.ts","statementMap":{"0":{"start":{"line":2,"column":0},"end":{"line":2,"column":34}},"1":{"start":{"line":5,"column":18},"end":{"line":12,"column":4}},"2":{"start":{"line":13,"column":2},"end":{"line":13,"column":17}},"3":{"start":{"line":16,"column":2},"end":{"line":20,"column":5}},"4":{"start":{"line":23,"column":2},"end":{"line":27,"column":5}},"5":{"start":{"line":31,"column":2},"end":{"line":35,"column":5}},"6":{"start":{"line":39,"column":2},"end":{"line":43,"column":5}},"7":{"start":{"line":47,"column":2},"end":{"line":51,"column":5}},"8":{"start":{"line":55,"column":2},"end":{"line":60,"column":5}},"9":{"start":{"line":64,"column":2},"end":{"line":72,"column":5}},"10":{"start":{"line":74,"column":26},"end":{"line":83,"column":2}},"11":{"start":{"line":85,"column":0},"end":{"line":85,"column":33}}},"fnMap":{"0":{"name":"getBookingId","decl":{"start":{"line":4,"column":15},"end":{"line":4,"column":27}},"loc":{"start":{"line":4,"column":42},"end":{"line":14,"column":1}}},"1":{"name":"searchBookingByRoomId","decl":{"start":{"line":15,"column":15},"end":{"line":15,"column":36}},"loc":{"start":{"line":15,"column":52},"end":{"line":21,"column":1}}},"2":{"name":"searchBookingId","decl":{"start":{"line":22,"column":15},"end":{"line":22,"column":30}},"loc":{"start":{"line":22,"column":49},"end":{"line":28,"column":1}}},"3":{"name":"searchBookingByUserId","decl":{"start":{"line":30,"column":15},"end":{"line":30,"column":36}},"loc":{"start":{"line":30,"column":51},"end":{"line":36,"column":1}}},"4":{"name":"countBooking","decl":{"start":{"line":38,"column":15},"end":{"line":38,"column":27}},"loc":{"start":{"line":38,"column":42},"end":{"line":44,"column":1}}},"5":{"name":"countBookingByUserId","decl":{"start":{"line":46,"column":15},"end":{"line":46,"column":35}},"loc":{"start":{"line":46,"column":50},"end":{"line":52,"column":1}}},"6":{"name":"postBookingId","decl":{"start":{"line":54,"column":15},"end":{"line":54,"column":28}},"loc":{"start":{"line":54,"column":59},"end":{"line":61,"column":1}}},"7":{"name":"putBookingId","decl":{"start":{"line":63,"column":15},"end":{"line":63,"column":27}},"loc":{"start":{"line":63,"column":77},"end":{"line":73,"column":1}}}},"branchMap":{},"s":{"0":11,"1":0,"2":0,"3":2,"4":2,"5":3,"6":7,"7":1,"8":1,"9":0,"10":11,"11":11},"f":{"0":0,"1":2,"2":2,"3":3,"4":7,"5":1,"6":1,"7":0},"b":{}}
,"/media/dell/7FB6DCE70CD2C5C3/Driven/Turma 7/drivent/src/repositories/enrollment-repository/index.ts": {"path":"/media/dell/7FB6DCE70CD2C5C3/Driven/Turma 7/drivent/src/repositories/enrollment-repository/index.ts","statementMap":{"0":{"start":{"line":1,"column":0},"end":{"line":1,"column":34}},"1":{"start":{"line":5,"column":2},"end":{"line":10,"column":5}},"2":{"start":{"line":14,"column":2},"end":{"line":18,"column":5}},"3":{"start":{"line":22,"column":2},"end":{"line":24,"column":5}},"4":{"start":{"line":32,"column":2},"end":{"line":38,"column":5}},"5":{"start":{"line":44,"column":29},"end":{"line":49,"column":2}},"6":{"start":{"line":51,"column":0},"end":{"line":51,"column":36}}},"fnMap":{"0":{"name":"findWithAddressByUserId","decl":{"start":{"line":4,"column":15},"end":{"line":4,"column":38}},"loc":{"start":{"line":4,"column":53},"end":{"line":11,"column":1}}},"1":{"name":"findByUserId","decl":{"start":{"line":13,"column":15},"end":{"line":13,"column":27}},"loc":{"start":{"line":13,"column":42},"end":{"line":19,"column":1}}},"2":{"name":"findById","decl":{"start":{"line":21,"column":15},"end":{"line":21,"column":23}},"loc":{"start":{"line":21,"column":44},"end":{"line":25,"column":1}}},"3":{"name":"upsert","decl":{"start":{"line":27,"column":15},"end":{"line":27,"column":21}},"loc":{"start":{"line":30,"column":43},"end":{"line":39,"column":1}}}},"branchMap":{},"s":{"0":11,"1":8,"2":9,"3":6,"4":2,"5":11,"6":11},"f":{"0":8,"1":9,"2":6,"3":2},"b":{}}
,"/media/dell/7FB6DCE70CD2C5C3/Driven/Turma 7/drivent/src/repositories/event-repository/index.ts": {"path":"/media/dell/7FB6DCE70CD2C5C3/Driven/Turma 7/drivent/src/repositories/event-repository/index.ts","statementMap":{"0":{"start":{"line":1,"column":0},"end":{"line":1,"column":34}},"1":{"start":{"line":4,"column":2},"end":{"line":4,"column":34}},"2":{"start":{"line":7,"column":24},"end":{"line":9,"column":2}},"3":{"start":{"line":11,"column":0},"end":{"line":11,"column":31}}},"fnMap":{"0":{"name":"findFirst","decl":{"start":{"line":3,"column":15},"end":{"line":3,"column":24}},"loc":{"start":{"line":3,"column":24},"end":{"line":5,"column":1}}}},"branchMap":{},"s":{"0":11,"1":11,"2":11,"3":11},"f":{"0":11},"b":{}}
,"/media/dell/7FB6DCE70CD2C5C3/Driven/Turma 7/drivent/src/repositories/hotels-repository/index.ts": {"path":"/media/dell/7FB6DCE70CD2C5C3/Driven/Turma 7/drivent/src/repositories/hotels-repository/index.ts","statementMap":{"0":{"start":{"line":1,"column":0},"end":{"line":1,"column":34}},"1":{"start":{"line":4,"column":2},"end":{"line":9,"column":5}},"2":{"start":{"line":12,"column":2},"end":{"line":12,"column":41}},"3":{"start":{"line":15,"column":2},"end":{"line":19,"column":5}},"4":{"start":{"line":22,"column":2},"end":{"line":26,"column":5}},"5":{"start":{"line":29,"column":2},"end":{"line":33,"column":5}},"6":{"start":{"line":36,"column":2},"end":{"line":40,"column":5}},"7":{"start":{"line":43,"column":2},"end":{"line":47,"column":5}},"8":{"start":{"line":49,"column":25},"end":{"line":57,"column":2}},"9":{"start":{"line":58,"column":0},"end":{"line":58,"column":32}}},"fnMap":{"0":{"name":"quantityRooms","decl":{"start":{"line":3,"column":15},"end":{"line":3,"column":28}},"loc":{"start":{"line":3,"column":28},"end":{"line":10,"column":1}}},"1":{"name":"viewHotels","decl":{"start":{"line":11,"column":15},"end":{"line":11,"column":25}},"loc":{"start":{"line":11,"column":25},"end":{"line":13,"column":1}}},"2":{"name":"searchRooms","decl":{"start":{"line":14,"column":15},"end":{"line":14,"column":26}},"loc":{"start":{"line":14,"column":42},"end":{"line":20,"column":1}}},"3":{"name":"searchHotelByRoomId","decl":{"start":{"line":21,"column":15},"end":{"line":21,"column":34}},"loc":{"start":{"line":21,"column":49},"end":{"line":27,"column":1}}},"4":{"name":"searchHotelId","decl":{"start":{"line":28,"column":15},"end":{"line":28,"column":28}},"loc":{"start":{"line":28,"column":44},"end":{"line":34,"column":1}}},"5":{"name":"viewHotel","decl":{"start":{"line":35,"column":15},"end":{"line":35,"column":24}},"loc":{"start":{"line":35,"column":40},"end":{"line":41,"column":1}}},"6":{"name":"countRoom","decl":{"start":{"line":42,"column":15},"end":{"line":42,"column":24}},"loc":{"start":{"line":42,"column":40},"end":{"line":48,"column":1}}}},"branchMap":{},"s":{"0":11,"1":1,"2":1,"3":0,"4":3,"5":1,"6":3,"7":0,"8":11,"9":11},"f":{"0":1,"1":1,"2":0,"3":3,"4":1,"5":3,"6":0},"b":{}}
,"/media/dell/7FB6DCE70CD2C5C3/Driven/Turma 7/drivent/src/repositories/payment-repository/index.ts": {"path":"/media/dell/7FB6DCE70CD2C5C3/Driven/Turma 7/drivent/src/repositories/payment-repository/index.ts","statementMap":{"0":{"start":{"line":1,"column":0},"end":{"line":1,"column":34}},"1":{"start":{"line":5,"column":2},"end":{"line":9,"column":5}},"2":{"start":{"line":13,"column":2},"end":{"line":18,"column":5}},"3":{"start":{"line":23,"column":26},"end":{"line":26,"column":2}},"4":{"start":{"line":28,"column":0},"end":{"line":28,"column":33}}},"fnMap":{"0":{"name":"findPaymentByTicketId","decl":{"start":{"line":4,"column":15},"end":{"line":4,"column":36}},"loc":{"start":{"line":4,"column":53},"end":{"line":10,"column":1}}},"1":{"name":"createPayment","decl":{"start":{"line":12,"column":15},"end":{"line":12,"column":28}},"loc":{"start":{"line":12,"column":68},"end":{"line":19,"column":1}}}},"branchMap":{},"s":{"0":11,"1":1,"2":3,"3":11,"4":11},"f":{"0":1,"1":3},"b":{}}
,"/media/dell/7FB6DCE70CD2C5C3/Driven/Turma 7/drivent/src/repositories/session-repository/index.ts": {"path":"/media/dell/7FB6DCE70CD2C5C3/Driven/Turma 7/drivent/src/repositories/session-repository/index.ts","statementMap":{"0":{"start":{"line":1,"column":0},"end":{"line":1,"column":34}},"1":{"start":{"line":5,"column":2},"end":{"line":7,"column":5}},"2":{"start":{"line":10,"column":26},"end":{"line":12,"column":2}},"3":{"start":{"line":14,"column":0},"end":{"line":14,"column":33}}},"fnMap":{"0":{"name":"create","decl":{"start":{"line":4,"column":15},"end":{"line":4,"column":21}},"loc":{"start":{"line":4,"column":62},"end":{"line":8,"column":1}}}},"branchMap":{},"s":{"0":11,"1":5,"2":11,"3":11},"f":{"0":5},"b":{}}
,"/media/dell/7FB6DCE70CD2C5C3/Driven/Turma 7/drivent/src/repositories/ticket-repository/index.ts": {"path":"/media/dell/7FB6DCE70CD2C5C3/Driven/Turma 7/drivent/src/repositories/ticket-repository/index.ts","statementMap":{"0":{"start":{"line":1,"column":0},"end":{"line":1,"column":34}},"1":{"start":{"line":2,"column":0},"end":{"line":2,"column":54}},"2":{"start":{"line":5,"column":2},"end":{"line":11,"column":5}},"3":{"start":{"line":14,"column":2},"end":{"line":19,"column":5}},"4":{"start":{"line":23,"column":2},"end":{"line":23,"column":38}},"5":{"start":{"line":26,"column":2},"end":{"line":33,"column":5}},"6":{"start":{"line":36,"column":2},"end":{"line":43,"column":5}},"7":{"start":{"line":47,"column":2},"end":{"line":54,"column":5}},"8":{"start":{"line":58,"column":2},"end":{"line":62,"column":5}},"9":{"start":{"line":66,"column":2},"end":{"line":73,"column":5}},"10":{"start":{"line":78,"column":25},"end":{"line":87,"column":2}},"11":{"start":{"line":89,"column":0},"end":{"line":89,"column":32}}},"fnMap":{"0":{"name":"ticketsTypeIsPresentialCheck","decl":{"start":{"line":4,"column":15},"end":{"line":4,"column":43}},"loc":{"start":{"line":4,"column":64},"end":{"line":12,"column":1}}},"1":{"name":"findTicketTypesPresential","decl":{"start":{"line":13,"column":15},"end":{"line":13,"column":40}},"loc":{"start":{"line":13,"column":40},"end":{"line":20,"column":1}}},"2":{"name":"findTicketTypes","decl":{"start":{"line":22,"column":15},"end":{"line":22,"column":30}},"loc":{"start":{"line":22,"column":30},"end":{"line":24,"column":1}}},"3":{"name":"findTickeyById","decl":{"start":{"line":25,"column":15},"end":{"line":25,"column":29}},"loc":{"start":{"line":25,"column":46},"end":{"line":34,"column":1}}},"4":{"name":"findTickeWithTypeById","decl":{"start":{"line":35,"column":15},"end":{"line":35,"column":36}},"loc":{"start":{"line":35,"column":53},"end":{"line":44,"column":1}}},"5":{"name":"findTicketByEnrollmentId","decl":{"start":{"line":46,"column":15},"end":{"line":46,"column":39}},"loc":{"start":{"line":46,"column":60},"end":{"line":55,"column":1}}},"6":{"name":"createTicket","decl":{"start":{"line":57,"column":15},"end":{"line":57,"column":27}},"loc":{"start":{"line":57,"column":54},"end":{"line":63,"column":1}}},"7":{"name":"ticketProcessPayment","decl":{"start":{"line":65,"column":15},"end":{"line":65,"column":35}},"loc":{"start":{"line":65,"column":52},"end":{"line":74,"column":1}}}},"branchMap":{},"s":{"0":11,"1":11,"2":2,"3":2,"4":3,"5":8,"6":3,"7":11,"8":2,"9":3,"10":11,"11":11},"f":{"0":2,"1":2,"2":3,"3":8,"4":3,"5":11,"6":2,"7":3},"b":{}}
,"/media/dell/7FB6DCE70CD2C5C3/Driven/Turma 7/drivent/src/repositories/user-repository/index.ts": {"path":"/media/dell/7FB6DCE70CD2C5C3/Driven/Turma 7/drivent/src/repositories/user-repository/index.ts","statementMap":{"0":{"start":{"line":1,"column":0},"end":{"line":1,"column":34}},"1":{"start":{"line":5,"column":44},"end":{"line":9,"column":4}},"2":{"start":{"line":11,"column":2},"end":{"line":13,"column":null}},"3":{"start":{"line":12,"column":4},"end":{"line":12,"column":27}},"4":{"start":{"line":15,"column":2},"end":{"line":15,"column":40}},"5":{"start":{"line":19,"column":2},"end":{"line":21,"column":5}},"6":{"start":{"line":24,"column":23},"end":{"line":27,"column":2}},"7":{"start":{"line":29,"column":0},"end":{"line":29,"column":30}}},"fnMap":{"0":{"name":"findByEmail","decl":{"start":{"line":4,"column":15},"end":{"line":4,"column":26}},"loc":{"start":{"line":4,"column":68},"end":{"line":16,"column":1}}},"1":{"name":"create","decl":{"start":{"line":18,"column":15},"end":{"line":18,"column":21}},"loc":{"start":{"line":18,"column":59},"end":{"line":22,"column":1}}}},"branchMap":{"0":{"loc":{"start":{"line":11,"column":2},"end":{"line":13,"column":null}},"type":"if","locations":[{"start":{"line":11,"column":2},"end":{"line":13,"column":null}}]}},"s":{"0":11,"1":16,"2":16,"3":9,"4":16,"5":5,"6":11,"7":11},"f":{"0":16,"1":5},"b":{"0":[9]}}
,"/media/dell/7FB6DCE70CD2C5C3/Driven/Turma 7/drivent/src/routers/authentication-router.ts": {"path":"/media/dell/7FB6DCE70CD2C5C3/Driven/Turma 7/drivent/src/routers/authentication-router.ts","statementMap":{"0":{"start":{"line":1,"column":0},"end":{"line":1,"column":43}},"1":{"start":{"line":2,"column":0},"end":{"line":2,"column":45}},"2":{"start":{"line":3,"column":0},"end":{"line":3,"column":41}},"3":{"start":{"line":4,"column":0},"end":{"line":4,"column":33}},"4":{"start":{"line":6,"column":29},"end":{"line":6,"column":37}},"5":{"start":{"line":10,"column":9},"end":{"line":10,"column":29}},"6":{"start":{"line":8,"column":0},"end":{"line":8,"column":78}}},"fnMap":{},"branchMap":{},"s":{"0":11,"1":11,"2":11,"3":11,"4":11,"5":11,"6":11},"f":{},"b":{}}
,"/media/dell/7FB6DCE70CD2C5C3/Driven/Turma 7/drivent/src/routers/booking-router.ts": {"path":"/media/dell/7FB6DCE70CD2C5C3/Driven/Turma 7/drivent/src/routers/booking-router.ts","statementMap":{"0":{"start":{"line":1,"column":0},"end":{"line":1,"column":33}},"1":{"start":{"line":2,"column":0},"end":{"line":2,"column":64}},"2":{"start":{"line":3,"column":0},"end":{"line":3,"column":74}},"3":{"start":{"line":5,"column":22},"end":{"line":5,"column":30}},"4":{"start":{"line":13,"column":9},"end":{"line":13,"column":22}},"5":{"start":{"line":7,"column":0},"end":{"line":11,"column":null}}},"fnMap":{},"branchMap":{},"s":{"0":11,"1":11,"2":11,"3":11,"4":11,"5":11},"f":{},"b":{}}
,"/media/dell/7FB6DCE70CD2C5C3/Driven/Turma 7/drivent/src/routers/enrollments-router.ts": {"path":"/media/dell/7FB6DCE70CD2C5C3/Driven/Turma 7/drivent/src/routers/enrollments-router.ts","statementMap":{"0":{"start":{"line":1,"column":0},"end":{"line":1,"column":33}},"1":{"start":{"line":2,"column":0},"end":{"line":2,"column":64}},"2":{"start":{"line":3,"column":0},"end":{"line":3,"column":101}},"3":{"start":{"line":4,"column":0},"end":{"line":4,"column":51}},"4":{"start":{"line":6,"column":26},"end":{"line":6,"column":34}},"5":{"start":{"line":14,"column":9},"end":{"line":14,"column":26}},"6":{"start":{"line":8,"column":0},"end":{"line":12,"column":81}}},"fnMap":{},"branchMap":{},"s":{"0":11,"1":11,"2":11,"3":11,"4":11,"5":11,"6":11},"f":{},"b":{}}
,"/media/dell/7FB6DCE70CD2C5C3/Driven/Turma 7/drivent/src/routers/events-router.ts": {"path":"/media/dell/7FB6DCE70CD2C5C3/Driven/Turma 7/drivent/src/routers/events-router.ts","statementMap":{"0":{"start":{"line":1,"column":0},"end":{"line":1,"column":33}},"1":{"start":{"line":2,"column":0},"end":{"line":2,"column":48}},"2":{"start":{"line":4,"column":21},"end":{"line":4,"column":29}},"3":{"start":{"line":8,"column":9},"end":{"line":8,"column":21}},"4":{"start":{"line":6,"column":0},"end":{"line":6,"column":39}}},"fnMap":{},"branchMap":{},"s":{"0":11,"1":11,"2":11,"3":11,"4":11},"f":{},"b":{}}
,"/media/dell/7FB6DCE70CD2C5C3/Driven/Turma 7/drivent/src/routers/hotels-router.ts": {"path":"/media/dell/7FB6DCE70CD2C5C3/Driven/Turma 7/drivent/src/routers/hotels-router.ts","statementMap":{"0":{"start":{"line":1,"column":0},"end":{"line":1,"column":33}},"1":{"start":{"line":2,"column":0},"end":{"line":2,"column":50}},"2":{"start":{"line":3,"column":0},"end":{"line":3,"column":76}},"3":{"start":{"line":5,"column":21},"end":{"line":5,"column":29}},"4":{"start":{"line":12,"column":9},"end":{"line":12,"column":21}},"5":{"start":{"line":7,"column":0},"end":{"line":10,"column":null}}},"fnMap":{},"branchMap":{},"s":{"0":11,"1":11,"2":11,"3":11,"4":11,"5":11},"f":{},"b":{}}
,"/media/dell/7FB6DCE70CD2C5C3/Driven/Turma 7/drivent/src/routers/index.ts": {"path":"/media/dell/7FB6DCE70CD2C5C3/Driven/Turma 7/drivent/src/routers/index.ts","statementMap":{"0":{"start":{"line":1,"column":0},"end":{"line":1,"column":31}},"1":{"start":{"line":2,"column":0},"end":{"line":2,"column":40}},"2":{"start":{"line":3,"column":0},"end":{"line":3,"column":32}},"3":{"start":{"line":4,"column":0},"end":{"line":4,"column":37}},"4":{"start":{"line":5,"column":0},"end":{"line":5,"column":33}},"5":{"start":{"line":6,"column":0},"end":{"line":6,"column":34}},"6":{"start":{"line":7,"column":0},"end":{"line":7,"column":32}},"7":{"start":{"line":8,"column":0},"end":{"line":8,"column":33}}},"fnMap":{},"branchMap":{},"s":{"0":11,"1":11,"2":11,"3":11,"4":11,"5":11,"6":11,"7":11},"f":{},"b":{}}
,"/media/dell/7FB6DCE70CD2C5C3/Driven/Turma 7/drivent/src/routers/payments-router.ts": {"path":"/media/dell/7FB6DCE70CD2C5C3/Driven/Turma 7/drivent/src/routers/payments-router.ts","statementMap":{"0":{"start":{"line":1,"column":0},"end":{"line":1,"column":33}},"1":{"start":{"line":2,"column":0},"end":{"line":2,"column":50}},"2":{"start":{"line":3,"column":0},"end":{"line":3,"column":69}},"3":{"start":{"line":5,"column":23},"end":{"line":5,"column":31}},"4":{"start":{"line":12,"column":9},"end":{"line":12,"column":23}},"5":{"start":{"line":7,"column":0},"end":{"line":10,"column":36}}},"fnMap":{},"branchMap":{},"s":{"0":11,"1":11,"2":11,"3":11,"4":11,"5":11},"f":{},"b":{}}
,"/media/dell/7FB6DCE70CD2C5C3/Driven/Turma 7/drivent/src/routers/tickets-router.ts": {"path":"/media/dell/7FB6DCE70CD2C5C3/Driven/Turma 7/drivent/src/routers/tickets-router.ts","statementMap":{"0":{"start":{"line":1,"column":0},"end":{"line":1,"column":33}},"1":{"start":{"line":2,"column":0},"end":{"line":2,"column":50}},"2":{"start":{"line":3,"column":0},"end":{"line":3,"column":73}},"3":{"start":{"line":5,"column":22},"end":{"line":5,"column":30}},"4":{"start":{"line":13,"column":9},"end":{"line":13,"column":22}},"5":{"start":{"line":7,"column":0},"end":{"line":11,"column":26}}},"fnMap":{},"branchMap":{},"s":{"0":11,"1":11,"2":11,"3":11,"4":11,"5":11},"f":{},"b":{}}
,"/media/dell/7FB6DCE70CD2C5C3/Driven/Turma 7/drivent/src/routers/users-router.ts": {"path":"/media/dell/7FB6DCE70CD2C5C3/Driven/Turma 7/drivent/src/routers/users-router.ts","statementMap":{"0":{"start":{"line":1,"column":0},"end":{"line":1,"column":33}},"1":{"start":{"line":3,"column":0},"end":{"line":3,"column":45}},"2":{"start":{"line":4,"column":0},"end":{"line":4,"column":45}},"3":{"start":{"line":5,"column":0},"end":{"line":5,"column":42}},"4":{"start":{"line":7,"column":20},"end":{"line":7,"column":28}},"5":{"start":{"line":11,"column":9},"end":{"line":11,"column":20}},"6":{"start":{"line":9,"column":0},"end":{"line":9,"column":65}}},"fnMap":{},"branchMap":{},"s":{"0":11,"1":11,"2":11,"3":11,"4":11,"5":11,"6":11},"f":{},"b":{}}
,"/media/dell/7FB6DCE70CD2C5C3/Driven/Turma 7/drivent/src/schemas/authentication-schemas.ts": {"path":"/media/dell/7FB6DCE70CD2C5C3/Driven/Turma 7/drivent/src/schemas/authentication-schemas.ts","statementMap":{"0":{"start":{"line":2,"column":0},"end":{"line":2,"column":22}},"1":{"start":{"line":4,"column":13},"end":{"line":7,"column":3}}},"fnMap":{},"branchMap":{},"s":{"0":14,"1":14},"f":{},"b":{}}
,"/media/dell/7FB6DCE70CD2C5C3/Driven/Turma 7/drivent/src/schemas/enrollments-schemas.ts": {"path":"/media/dell/7FB6DCE70CD2C5C3/Driven/Turma 7/drivent/src/schemas/enrollments-schemas.ts","statementMap":{"0":{"start":{"line":2,"column":0},"end":{"line":2,"column":105}},"1":{"start":{"line":3,"column":0},"end":{"line":3,"column":22}},"2":{"start":{"line":5,"column":28},"end":{"line":5,"column":87}},"3":{"start":{"line":7,"column":28},"end":{"line":7,"column":86}},"4":{"start":{"line":9,"column":36},"end":{"line":9,"column":108}},"5":{"start":{"line":11,"column":13},"end":{"line":28,"column":3}},"6":{"start":{"line":23,"column":39},"end":{"line":23,"column":45}},"7":{"start":{"line":31,"column":2},"end":{"line":31,"column":27}},"8":{"start":{"line":31,"column":14},"end":{"line":31,"column":27}},"9":{"start":{"line":33,"column":2},"end":{"line":35,"column":null}},"10":{"start":{"line":34,"column":4},"end":{"line":34,"column":40}},"11":{"start":{"line":37,"column":2},"end":{"line":37,"column":15}},"12":{"start":{"line":41,"column":2},"end":{"line":41,"column":27}},"13":{"start":{"line":41,"column":14},"end":{"line":41,"column":27}},"14":{"start":{"line":43,"column":2},"end":{"line":45,"column":null}},"15":{"start":{"line":44,"column":4},"end":{"line":44,"column":40}},"16":{"start":{"line":47,"column":2},"end":{"line":47,"column":15}},"17":{"start":{"line":51,"column":2},"end":{"line":51,"column":27}},"18":{"start":{"line":51,"column":14},"end":{"line":51,"column":27}},"19":{"start":{"line":53,"column":2},"end":{"line":55,"column":null}},"20":{"start":{"line":54,"column":4},"end":{"line":54,"column":40}},"21":{"start":{"line":57,"column":2},"end":{"line":57,"column":15}}},"fnMap":{"0":{"name":"(anonymous_1)","decl":{"start":{"line":23,"column":32},"end":{"line":23,"column":33}},"loc":{"start":{"line":23,"column":39},"end":{"line":23,"column":45}}},"1":{"name":"joiCpfValidation","decl":{"start":{"line":30,"column":9},"end":{"line":30,"column":25}},"loc":{"start":{"line":30,"column":75},"end":{"line":38,"column":1}}},"2":{"name":"JoiCepValidation","decl":{"start":{"line":40,"column":9},"end":{"line":40,"column":25}},"loc":{"start":{"line":40,"column":75},"end":{"line":48,"column":1}}},"3":{"name":"joiMobilePhoneValidation","decl":{"start":{"line":50,"column":9},"end":{"line":50,"column":33}},"loc":{"start":{"line":50,"column":83},"end":{"line":58,"column":1}}}},"branchMap":{"0":{"loc":{"start":{"line":31,"column":2},"end":{"line":31,"column":27}},"type":"if","locations":[{"start":{"line":31,"column":2},"end":{"line":31,"column":27}}]},"1":{"loc":{"start":{"line":33,"column":2},"end":{"line":35,"column":null}},"type":"if","locations":[{"start":{"line":33,"column":2},"end":{"line":35,"column":null}}]},"2":{"loc":{"start":{"line":41,"column":2},"end":{"line":41,"column":27}},"type":"if","locations":[{"start":{"line":41,"column":2},"end":{"line":41,"column":27}}]},"3":{"loc":{"start":{"line":43,"column":2},"end":{"line":45,"column":null}},"type":"if","locations":[{"start":{"line":43,"column":2},"end":{"line":45,"column":null}}]},"4":{"loc":{"start":{"line":51,"column":2},"end":{"line":51,"column":27}},"type":"if","locations":[{"start":{"line":51,"column":2},"end":{"line":51,"column":27}}]},"5":{"loc":{"start":{"line":53,"column":2},"end":{"line":55,"column":null}},"type":"if","locations":[{"start":{"line":53,"column":2},"end":{"line":55,"column":null}}]}},"s":{"0":14,"1":14,"2":14,"3":14,"4":14,"5":14,"6":378,"7":29,"8":0,"9":29,"10":1,"11":28,"12":19,"13":0,"14":19,"15":1,"16":18,"17":23,"18":0,"19":23,"20":0,"21":23},"f":{"0":378,"1":29,"2":19,"3":23},"b":{"0":[0],"1":[1],"2":[0],"3":[1],"4":[0],"5":[0]}}
,"/media/dell/7FB6DCE70CD2C5C3/Driven/Turma 7/drivent/src/schemas/index.ts": {"path":"/media/dell/7FB6DCE70CD2C5C3/Driven/Turma 7/drivent/src/schemas/index.ts","statementMap":{"0":{"start":{"line":1,"column":0},"end":{"line":1,"column":32}},"1":{"start":{"line":2,"column":0},"end":{"line":2,"column":41}},"2":{"start":{"line":3,"column":0},"end":{"line":3,"column":38}}},"fnMap":{},"branchMap":{},"s":{"0":14,"1":14,"2":14},"f":{},"b":{}}
,"/media/dell/7FB6DCE70CD2C5C3/Driven/Turma 7/drivent/src/schemas/users-schemas.ts": {"path":"/media/dell/7FB6DCE70CD2C5C3/Driven/Turma 7/drivent/src/schemas/users-schemas.ts","statementMap":{"0":{"start":{"line":2,"column":0},"end":{"line":2,"column":22}},"1":{"start":{"line":4,"column":13},"end":{"line":7,"column":3}}},"fnMap":{},"branchMap":{},"s":{"0":14,"1":14},"f":{},"b":{}}
,"/media/dell/7FB6DCE70CD2C5C3/Driven/Turma 7/drivent/src/services/index.ts": {"path":"/media/dell/7FB6DCE70CD2C5C3/Driven/Turma 7/drivent/src/services/index.ts","statementMap":{"0":{"start":{"line":1,"column":0},"end":{"line":1,"column":32}},"1":{"start":{"line":2,"column":0},"end":{"line":2,"column":41}},"2":{"start":{"line":3,"column":0},"end":{"line":3,"column":33}},"3":{"start":{"line":4,"column":0},"end":{"line":4,"column":38}},"4":{"start":{"line":5,"column":0},"end":{"line":5,"column":33}},"5":{"start":{"line":6,"column":0},"end":{"line":6,"column":34}}},"fnMap":{},"branchMap":{},"s":{"0":0,"1":0,"2":0,"3":0,"4":0,"5":0},"f":{},"b":{}}
,"/media/dell/7FB6DCE70CD2C5C3/Driven/Turma 7/drivent/src/services/authentication-service/errors.ts": {"path":"/media/dell/7FB6DCE70CD2C5C3/Driven/Turma 7/drivent/src/services/authentication-service/errors.ts","statementMap":{"0":{"start":{"line":4,"column":2},"end":{"line":7,"column":4}},"1":{"start":{"line":3,"column":0},"end":{"line":3,"column":16}}},"fnMap":{"0":{"name":"invalidCredentialsError","decl":{"start":{"line":3,"column":16},"end":{"line":3,"column":39}},"loc":{"start":{"line":3,"column":39},"end":{"line":8,"column":1}}}},"branchMap":{},"s":{"0":6,"1":11},"f":{"0":6},"b":{}}
,"/media/dell/7FB6DCE70CD2C5C3/Driven/Turma 7/drivent/src/services/authentication-service/index.ts": {"path":"/media/dell/7FB6DCE70CD2C5C3/Driven/Turma 7/drivent/src/services/authentication-service/index.ts","statementMap":{"0":{"start":{"line":1,"column":0},"end":{"line":1,"column":66}},"1":{"start":{"line":2,"column":0},"end":{"line":2,"column":60}},"2":{"start":{"line":3,"column":0},"end":{"line":3,"column":47}},"3":{"start":{"line":5,"column":0},"end":{"line":5,"column":28}},"4":{"start":{"line":6,"column":0},"end":{"line":6,"column":31}},"5":{"start":{"line":7,"column":0},"end":{"line":7,"column":51}},"6":{"start":{"line":10,"column":30},"end":{"line":10,"column":36}},"7":{"start":{"line":12,"column":15},"end":{"line":12,"column":41}},"8":{"start":{"line":14,"column":2},"end":{"line":14,"column":56}},"9":{"start":{"line":16,"column":16},"end":{"line":16,"column":44}},"10":{"start":{"line":18,"column":2},"end":{"line":21,"column":4}},"11":{"start":{"line":25,"column":15},"end":{"line":25,"column":97}},"12":{"start":{"line":26,"column":2},"end":{"line":26,"column":45}},"13":{"start":{"line":26,"column":13},"end":{"line":26,"column":45}},"14":{"start":{"line":28,"column":2},"end":{"line":28,"column":14}},"15":{"start":{"line":32,"column":16},"end":{"line":32,"column":60}},"16":{"start":{"line":33,"column":2},"end":{"line":36,"column":5}},"17":{"start":{"line":38,"column":2},"end":{"line":38,"column":15}},"18":{"start":{"line":42,"column":26},"end":{"line":42,"column":70}},"19":{"start":{"line":43,"column":2},"end":{"line":43,"column":56}},"20":{"start":{"line":43,"column":24},"end":{"line":43,"column":56}},"21":{"start":{"line":55,"column":30},"end":{"line":57,"column":2}},"22":{"start":{"line":59,"column":0},"end":{"line":59,"column":37}},"23":{"start":{"line":60,"column":0},"end":{"line":60,"column":25}}},"fnMap":{"0":{"name":"signIn","decl":{"start":{"line":9,"column":15},"end":{"line":9,"column":21}},"loc":{"start":{"line":9,"column":42},"end":{"line":22,"column":1}}},"1":{"name":"getUserOrFail","decl":{"start":{"line":24,"column":15},"end":{"line":24,"column":28}},"loc":{"start":{"line":24,"column":42},"end":{"line":29,"column":1}}},"2":{"name":"createSession","decl":{"start":{"line":31,"column":15},"end":{"line":31,"column":28}},"loc":{"start":{"line":31,"column":43},"end":{"line":39,"column":1}}},"3":{"name":"validatePasswordOrFail","decl":{"start":{"line":41,"column":15},"end":{"line":41,"column":37}},"loc":{"start":{"line":41,"column":76},"end":{"line":44,"column":1}}}},"branchMap":{"0":{"loc":{"start":{"line":26,"column":2},"end":{"line":26,"column":45}},"type":"if","locations":[{"start":{"line":26,"column":2},"end":{"line":26,"column":45}}]},"1":{"loc":{"start":{"line":43,"column":2},"end":{"line":43,"column":56}},"type":"if","locations":[{"start":{"line":43,"column":2},"end":{"line":43,"column":56}}]}},"s":{"0":11,"1":11,"2":11,"3":11,"4":11,"5":11,"6":9,"7":9,"8":7,"9":5,"10":5,"11":9,"12":9,"13":2,"14":7,"15":5,"16":5,"17":5,"18":7,"19":7,"20":2,"21":11,"22":11,"23":11},"f":{"0":9,"1":9,"2":5,"3":7},"b":{"0":[2],"1":[2]}}
,"/media/dell/7FB6DCE70CD2C5C3/Driven/Turma 7/drivent/src/services/booking-service/index.ts": {"path":"/media/dell/7FB6DCE70CD2C5C3/Driven/Turma 7/drivent/src/services/booking-service/index.ts","statementMap":{"0":{"start":{"line":1,"column":0},"end":{"line":1,"column":41}},"1":{"start":{"line":2,"column":0},"end":{"line":2,"column":47}},"2":{"start":{"line":3,"column":0},"end":{"line":3,"column":66}},"3":{"start":{"line":4,"column":0},"end":{"line":4,"column":72}},"4":{"start":{"line":5,"column":0},"end":{"line":5,"column":64}},"5":{"start":{"line":6,"column":0},"end":{"line":6,"column":64}},"6":{"start":{"line":9,"column":23},"end":{"line":9,"column":67}},"7":{"start":{"line":10,"column":2},"end":{"line":10,"column":46}},"8":{"start":{"line":10,"column":24},"end":{"line":10,"column":46}},"9":{"start":{"line":12,"column":18},"end":{"line":12,"column":71}},"10":{"start":{"line":13,"column":2},"end":{"line":13,"column":39}},"11":{"start":{"line":13,"column":17},"end":{"line":13,"column":39}},"12":{"start":{"line":15,"column":15},"end":{"line":15,"column":73}},"13":{"start":{"line":16,"column":2},"end":{"line":16,"column":74}},"14":{"start":{"line":16,"column":52},"end":{"line":16,"column":74}},"15":{"start":{"line":18,"column":16},"end":{"line":18,"column":62}},"16":{"start":{"line":19,"column":2},"end":{"line":19,"column":37}},"17":{"start":{"line":19,"column":15},"end":{"line":19,"column":37}},"18":{"start":{"line":21,"column":23},"end":{"line":21,"column":61}},"19":{"start":{"line":22,"column":17},"end":{"line":22,"column":105}},"20":{"start":{"line":23,"column":2},"end":{"line":23,"column":43}},"21":{"start":{"line":8,"column":0},"end":{"line":8,"column":7}},"22":{"start":{"line":27,"column":15},"end":{"line":27,"column":65}},"23":{"start":{"line":28,"column":2},"end":{"line":28,"column":35}},"24":{"start":{"line":28,"column":13},"end":{"line":28,"column":35}},"25":{"start":{"line":30,"column":16},"end":{"line":30,"column":62}},"26":{"start":{"line":31,"column":2},"end":{"line":31,"column":36}},"27":{"start":{"line":31,"column":14},"end":{"line":31,"column":36}},"28":{"start":{"line":33,"column":29},"end":{"line":33,"column":73}},"29":{"start":{"line":35,"column":31},"end":{"line":35,"column":64}},"30":{"start":{"line":36,"column":2},"end":{"line":36,"column":50}},"31":{"start":{"line":36,"column":32},"end":{"line":36,"column":50}},"32":{"start":{"line":38,"column":31},"end":{"line":38,"column":83}},"33":{"start":{"line":39,"column":2},"end":{"line":39,"column":49}},"34":{"start":{"line":39,"column":31},"end":{"line":39,"column":49}},"35":{"start":{"line":41,"column":18},"end":{"line":41,"column":71}},"36":{"start":{"line":42,"column":2},"end":{"line":42,"column":20}},"37":{"start":{"line":26,"column":0},"end":{"line":26,"column":7}},"38":{"start":{"line":46,"column":21},"end":{"line":46,"column":68}},"39":{"start":{"line":47,"column":2},"end":{"line":47,"column":37}},"40":{"start":{"line":47,"column":19},"end":{"line":47,"column":37}},"41":{"start":{"line":49,"column":17},"end":{"line":49,"column":79}},"42":{"start":{"line":50,"column":2},"end":{"line":50,"column":61}},"43":{"start":{"line":50,"column":43},"end":{"line":50,"column":61}},"44":{"start":{"line":52,"column":22},"end":{"line":52,"column":94}},"45":{"start":{"line":53,"column":2},"end":{"line":53,"column":38}},"46":{"start":{"line":53,"column":20},"end":{"line":53,"column":38}},"47":{"start":{"line":55,"column":2},"end":{"line":55,"column":80}},"48":{"start":{"line":55,"column":62},"end":{"line":55,"column":80}},"49":{"start":{"line":57,"column":24},"end":{"line":57,"column":74}},"50":{"start":{"line":58,"column":2},"end":{"line":58,"column":44}},"51":{"start":{"line":58,"column":22},"end":{"line":58,"column":44}},"52":{"start":{"line":60,"column":15},"end":{"line":60,"column":68}},"53":{"start":{"line":61,"column":2},"end":{"line":61,"column":35}},"54":{"start":{"line":61,"column":13},"end":{"line":61,"column":35}},"55":{"start":{"line":63,"column":30},"end":{"line":63,"column":74}},"56":{"start":{"line":64,"column":2},"end":{"line":64,"column":68}},"57":{"start":{"line":64,"column":50},"end":{"line":64,"column":68}},"58":{"start":{"line":66,"column":24},"end":{"line":66,"column":87}},"59":{"start":{"line":67,"column":2},"end":{"line":67,"column":26}},"60":{"start":{"line":45,"column":0},"end":{"line":45,"column":7}},"61":{"start":{"line":71,"column":17},"end":{"line":71,"column":19}},"62":{"start":{"line":73,"column":2},"end":{"line":75,"column":null}},"63":{"start":{"line":74,"column":4},"end":{"line":74,"column":26}},"64":{"start":{"line":76,"column":2},"end":{"line":78,"column":null}},"65":{"start":{"line":77,"column":4},"end":{"line":77,"column":26}},"66":{"start":{"line":79,"column":2},"end":{"line":81,"column":null}},"67":{"start":{"line":80,"column":4},"end":{"line":80,"column":26}},"68":{"start":{"line":82,"column":2},"end":{"line":82,"column":28}},"69":{"start":{"line":84,"column":23},"end":{"line":88,"column":2}},"70":{"start":{"line":90,"column":0},"end":{"line":90,"column":30}}},"fnMap":{"0":{"name":"getBookingId","decl":{"start":{"line":8,"column":22},"end":{"line":8,"column":34}},"loc":{"start":{"line":8,"column":49},"end":{"line":24,"column":1}}},"1":{"name":"postBookingId","decl":{"start":{"line":26,"column":22},"end":{"line":26,"column":35}},"loc":{"start":{"line":26,"column":66},"end":{"line":43,"column":1}}},"2":{"name":"putBookingId","decl":{"start":{"line":45,"column":22},"end":{"line":45,"column":34}},"loc":{"start":{"line":45,"column":84},"end":{"line":68,"column":1}}},"3":{"name":"acommodadion","decl":{"start":{"line":70,"column":9},"end":{"line":70,"column":21}},"loc":{"start":{"line":70,"column":52},"end":{"line":83,"column":1}}}},"branchMap":{"0":{"loc":{"start":{"line":10,"column":2},"end":{"line":10,"column":46}},"type":"if","locations":[{"start":{"line":10,"column":2},"end":{"line":10,"column":46}}]},"1":{"loc":{"start":{"line":13,"column":2},"end":{"line":13,"column":39}},"type":"if","locations":[{"start":{"line":13,"column":2},"end":{"line":13,"column":39}}]},"2":{"loc":{"start":{"line":16,"column":2},"end":{"line":16,"column":74}},"type":"if","locations":[{"start":{"line":16,"column":2},"end":{"line":16,"column":74}}]},"3":{"loc":{"start":{"line":16,"column":6},"end":{"line":16,"column":50}},"type":"binary-expr","locations":[{"start":{"line":16,"column":6},"end":{"line":16,"column":11}},{"start":{"line":16,"column":16},"end":{"line":16,"column":49}}]},"4":{"loc":{"start":{"line":19,"column":2},"end":{"line":19,"column":37}},"type":"if","locations":[{"start":{"line":19,"column":2},"end":{"line":19,"column":37}}]},"5":{"loc":{"start":{"line":28,"column":2},"end":{"line":28,"column":35}},"type":"if","locations":[{"start":{"line":28,"column":2},"end":{"line":28,"column":35}}]},"6":{"loc":{"start":{"line":31,"column":2},"end":{"line":31,"column":36}},"type":"if","locations":[{"start":{"line":31,"column":2},"end":{"line":31,"column":36}}]},"7":{"loc":{"start":{"line":36,"column":2},"end":{"line":36,"column":50}},"type":"if","locations":[{"start":{"line":36,"column":2},"end":{"line":36,"column":50}}]},"8":{"loc":{"start":{"line":39,"column":2},"end":{"line":39,"column":49}},"type":"if","locations":[{"start":{"line":39,"column":2},"end":{"line":39,"column":49}}]},"9":{"loc":{"start":{"line":47,"column":2},"end":{"line":47,"column":37}},"type":"if","locations":[{"start":{"line":47,"column":2},"end":{"line":47,"column":37}}]},"10":{"loc":{"start":{"line":50,"column":2},"end":{"line":50,"column":61}},"type":"if","locations":[{"start":{"line":50,"column":2},"end":{"line":50,"column":61}}]},"11":{"loc":{"start":{"line":50,"column":6},"end":{"line":50,"column":41}},"type":"binary-expr","locations":[{"start":{"line":50,"column":6},"end":{"line":50,"column":13}},{"start":{"line":50,"column":17},"end":{"line":50,"column":41}}]},"12":{"loc":{"start":{"line":53,"column":2},"end":{"line":53,"column":38}},"type":"if","locations":[{"start":{"line":53,"column":2},"end":{"line":53,"column":38}}]},"13":{"loc":{"start":{"line":55,"column":2},"end":{"line":55,"column":80}},"type":"if","locations":[{"start":{"line":55,"column":2},"end":{"line":55,"column":80}}]},"14":{"loc":{"start":{"line":55,"column":6},"end":{"line":55,"column":60}},"type":"binary-expr","locations":[{"start":{"line":55,"column":6},"end":{"line":55,"column":32}},{"start":{"line":55,"column":36},"end":{"line":55,"column":60}}]},"15":{"loc":{"start":{"line":58,"column":2},"end":{"line":58,"column":44}},"type":"if","locations":[{"start":{"line":58,"column":2},"end":{"line":58,"column":44}}]},"16":{"loc":{"start":{"line":61,"column":2},"end":{"line":61,"column":35}},"type":"if","locations":[{"start":{"line":61,"column":2},"end":{"line":61,"column":35}}]},"17":{"loc":{"start":{"line":64,"column":2},"end":{"line":64,"column":68}},"type":"if","locations":[{"start":{"line":64,"column":2},"end":{"line":64,"column":68}}]},"18":{"loc":{"start":{"line":73,"column":2},"end":{"line":75,"column":null}},"type":"if","locations":[{"start":{"line":73,"column":2},"end":{"line":75,"column":null}}]},"19":{"loc":{"start":{"line":76,"column":2},"end":{"line":78,"column":null}},"type":"if","locations":[{"start":{"line":76,"column":2},"end":{"line":78,"column":null}}]},"20":{"loc":{"start":{"line":79,"column":2},"end":{"line":81,"column":null}},"type":"if","locations":[{"start":{"line":79,"column":2},"end":{"line":81,"column":null}}]}},"s":{"0":11,"1":11,"2":11,"3":11,"4":11,"5":11,"6":3,"7":3,"8":0,"9":3,"10":3,"11":2,"12":1,"13":1,"14":0,"15":1,"16":1,"17":0,"18":1,"19":1,"20":1,"21":11,"22":2,"23":2,"24":0,"25":2,"26":2,"27":0,"28":2,"29":2,"30":2,"31":1,"32":1,"33":1,"34":0,"35":1,"36":1,"37":11,"38":2,"39":2,"40":0,"41":2,"42":2,"43":0,"44":2,"45":2,"46":0,"47":2,"48":0,"49":2,"50":2,"51":0,"52":2,"53":2,"54":0,"55":2,"56":2,"57":2,"58":0,"59":0,"60":11,"61":1,"62":1,"63":0,"64":1,"65":1,"66":1,"67":0,"68":1,"69":11,"70":11},"f":{"0":3,"1":2,"2":2,"3":1},"b":{"0":[0],"1":[2],"2":[0],"3":[1,1],"4":[0],"5":[0],"6":[0],"7":[1],"8":[0],"9":[0],"10":[0],"11":[2,2],"12":[0],"13":[0],"14":[2,0],"15":[0],"16":[0],"17":[2],"18":[0],"19":[1],"20":[0]}}
[...]
"column":17},"end":{"line":22,"column":52}},"16":{"start":{"line":23,"column":16},"end":{"line":23,"column":54}},"17":{"start":{"line":25,"column":2},"end":{"line":48,"column":7}},"18":{"start":{"line":27,"column":30},"end":{"line":27,"column":35}},"19":{"start":{"line":28,"column":23},"end":{"line":28,"column":24}},"20":{"start":{"line":29,"column":38},"end":{"line":29,"column":40}},"21":{"start":{"line":30,"column":6},"end":{"line":46,"column":null}},"22":{"start":{"line":31,"column":8},"end":{"line":45,"column":null}},"23":{"start":{"line":31,"column":21},"end":{"line":31,"column":22}},"24":{"start":{"line":32,"column":10},"end":{"line":44,"column":null}},"25":{"start":{"line":33,"column":12},"end":{"line":33,"column":69}},"26":{"start":{"line":35,"column":12},"end":{"line":37,"column":null}},"27":{"start":{"line":36,"column":14},"end":{"line":36,"column":43}},"28":{"start":{"line":38,"column":12},"end":{"line":40,"column":null}},"29":{"start":{"line":39,"column":14},"end":{"line":39,"column":43}},"30":{"start":{"line":41,"column":12},"end":{"line":43,"column":null}},"31":{"start":{"line":42,"column":14},"end":{"line":42,"column":43}},"32":{"start":{"line":47,"column":6},"end":{"line":47,"column":56}},"33":{"start":{"line":6,"column":0},"end":{"line":6,"column":7}},"34":{"start":{"line":52,"column":21},"end":{"line":52,"column":68}},"35":{"start":{"line":53,"column":2},"end":{"line":55,"column":null}},"36":{"start":{"line":54,"column":4},"end":{"line":54,"column":26}},"37":{"start":{"line":56,"column":17},"end":{"line":56,"column":79}},"38":{"start":{"line":57,"column":2},"end":{"line":59,"column":null}},"39":{"start":{"line":58,"column":4},"end":{"line":58,"column":26}},"40":{"start":{"line":61,"column":22},"end":{"line":61,"column":62}},"41":{"start":{"line":62,"column":2},"end":{"line":64,"column":null}},"42":{"start":{"line":63,"column":4},"end":{"line":63,"column":26}},"43":{"start":{"line":66,"column":16},"end":{"line":66,"column":61}},"44":{"start":{"line":67,"column":2},"end":{"line":69,"column":null}},"45":{"start":{"line":68,"column":4},"end":{"line":68,"column":26}},"46":{"start":{"line":70,"column":16},"end":{"line":70,"column":59}},"47":{"start":{"line":71,"column":2},"end":{"line":73,"column":null}},"48":{"start":{"line":72,"column":4},"end":{"line":72,"column":26}},"49":{"start":{"line":74,"column":2},"end":{"line":74,"column":35}},"50":{"start":{"line":51,"column":0},"end":{"line":51,"column":7}},"51":{"start":{"line":77,"column":22},"end":{"line":80,"column":2}},"52":{"start":{"line":82,"column":0},"end":{"line":82,"column":29}}},"fnMap":{"0":{"name":"provideHotelsView","decl":{"start":{"line":6,"column":22},"end":{"line":6,"column":39}},"loc":{"start":{"line":6,"column":54},"end":{"line":49,"column":1}}},"1":{"name":"(anonymous_2)","decl":{"start":{"line":26,"column":4},"end":{"line":26,"column":13}},"loc":{"start":{"line":26,"column":67},"end":{"line":48,"column":5}}},"2":{"name":"provideHotelsViewId","decl":{"start":{"line":51,"column":22},"end":{"line":51,"column":41}},"loc":{"start":{"line":51,"column":73},"end":{"line":75,"column":1}}}},"branchMap":{"0":{"loc":{"start":{"line":8,"column":2},"end":{"line":10,"column":null}},"type":"if","locations":[{"start":{"line":8,"column":2},"end":{"line":10,"column":null}}]},"1":{"loc":{"start":{"line":12,"column":2},"end":{"line":14,"column":null}},"type":"if","locations":[{"start":{"line":12,"column":2},"end":{"line":14,"column":null}}]},"2":{"loc":{"start":{"line":12,"column":6},"end":{"line":12,"column":41}},"type":"binary-expr","locations":[{"start":{"line":12,"column":6},"end":{"line":12,"column":13}},{"start":{"line":12,"column":17},"end":{"line":12,"column":41}}]},"3":{"loc":{"start":{"line":16,"column":2},"end":{"line":18,"column":null}},"type":"if","locations":[{"start":{"line":16,"column":2},"end":{"line":18,"column":null}}]},"4":{"loc":{"start":{"line":20,"column":2},"end":{"line":20,"column":50}},"type":"if","locations":[{"start":{"line":20,"column":2},"end":{"line":20,"column":50}}]},"5":{"loc":{"start":{"line":30,"column":6},"end":{"line":46,"column":null}},"type":"if","locations":[{"start":{"line":30,"column":6},"end":{"line":46,"column":null}}]},"6":{"loc":{"start":{"line":32,"column":10},"end":{"line":44,"column":null}},"type":"if","locations":[{"start":{"line":32,"column":10},"end":{"line":44,"column":null}}]},"7":{"loc":{"start":{"line":35,"column":12},"end":{"line":37,"column":null}},"type":"if","locations":[{"start":{"line":35,"column":12},"end":{"line":37,"column":null}}]},"8":{"loc":{"start":{"line":35,"column":15},"end":{"line":35,"column":81}},"type":"binary-expr","locations":[{"start":{"line":35,"column":15},"end":{"line":35,"column":43}},{"start":{"line":35,"column":47},"end":{"line":35,"column":81}}]},"9":{"loc":{"start":{"line":38,"column":12},"end":{"line":40,"column":null}},"type":"if","locations":[{"start":{"line":38,"column":12},"end":{"line":40,"column":null}}]},"10":{"loc":{"start":{"line":38,"column":15},"end":{"line":38,"column":81}},"type":"binary-expr","locations":[{"start":{"line":38,"column":15},"end":{"line":38,"column":43}},{"start":{"line":38,"column":47},"end":{"line":38,"column":81}}]},"11":{"loc":{"start":{"line":41,"column":12},"end":{"line":43,"column":null}},"type":"if","locations":[{"start":{"line":41,"column":12},"end":{"line":43,"column":null}}]},"12":{"loc":{"start":{"line":41,"column":15},"end":{"line":41,"column":81}},"type":"binary-expr","locations":[{"start":{"line":41,"column":15},"end":{"line":41,"column":43}},{"start":{"line":41,"column":47},"end":{"line":41,"column":81}}]},"13":{"loc":{"start":{"line":53,"column":2},"end":{"line":55,"column":null}},"type":"if","locations":[{"start":{"line":53,"column":2},"end":{"line":55,"column":null}}]},"14":{"loc":{"start":{"line":57,"column":2},"end":{"line":59,"column":null}},"type":"if","locations":[{"start":{"line":57,"column":2},"end":{"line":59,"column":null}}]},"15":{"loc":{"start":{"line":57,"column":6},"end":{"line":57,"column":41}},"type":"binary-expr","locations":[{"start":{"line":57,"column":6},"end":{"line":57,"column":13}},{"start":{"line":57,"column":17},"end":{"line":57,"column":41}}]},"16":{"loc":{"start":{"line":62,"column":2},"end":{"line":64,"column":null}},"type":"if","locations":[{"start":{"line":62,"column":2},"end":{"line":64,"column":null}}]},"17":{"loc":{"start":{"line":62,"column":6},"end":{"line":62,"column":46}},"type":"binary-expr","locations":[{"start":{"line":62,"column":6},"end":{"line":62,"column":18}},{"start":{"line":62,"column":22},"end":{"line":62,"column":46}}]},"18":{"loc":{"start":{"line":67,"column":2},"end":{"line":69,"column":null}},"type":"if","locations":[{"start":{"line":67,"column":2},"end":{"line":69,"column":null}}]},"19":{"loc":{"start":{"line":71,"column":2},"end":{"line":73,"column":null}},"type":"if","locations":[{"start":{"line":71,"column":2},"end":{"line":73,"column":null}}]},"20":{"loc":{"start":{"line":71,"column":5},"end":{"line":71,"column":33}},"type":"binary-expr","locations":[{"start":{"line":71,"column":5},"end":{"line":71,"column":11}},{"start":{"line":71,"column":15},"end":{"line":71,"column":33}}]}},"s":{"0":11,"1":11,"2":11,"3":11,"4":6,"5":6,"6":2,"7":4,"8":4,"9":2,"10":2,"11":2,"12":0,"13":2,"14":1,"15":1,"16":1,"17":1,"18":3,"19":3,"20":3,"21":3,"22":3,"23":3,"24":0,"25":0,"26":0,"27":0,"28":0,"29":0,"30":0,"31":0,"32":3,"33":11,"34":1,"35":1,"36":0,"37":1,"38":1,"39":0,"40":1,"41":1,"42":0,"43":1,"44":0,"45":0,"46":0,"47":0,"48":0,"49":0,"50":11,"51":11,"52":11},"f":{"0":6,"1":3,"2":1},"b":{"0":[2],"1":[2],"2":[4,2],"3":[0],"4":[1],"5":[3],"6":[0],"7":[0],"8":[0,0],"9":[0],"10":[0,0],"11":[0],"12":[0,0],"13":[0],"14":[0],"15":[1,1],"16":[0],"17":[1,0],"18":[0],"19":[0],"20":[0,0]}}
,"/media/dell/7FB6DCE70CD2C5C3/Driven/Turma 7/drivent/src/services/payments-service/index.ts": {"path":"/media/dell/7FB6DCE70CD2C5C3/Driven/Turma 7/drivent/src/services/payments-service/index.ts","statementMap":{"0":{"start":{"line":1,"column":0},"end":{"line":1,"column":60}},"1":{"start":{"line":2,"column":0},"end":{"line":2,"column":66}},"2":{"start":{"line":3,"column":0},"end":{"line":3,"column":64}},"3":{"start":{"line":4,"column":0},"end":{"line":4,"column":72}},"4":{"start":{"line":7,"column":17},"end":{"line":7,"column":64}},"5":{"start":{"line":9,"column":2},"end":{"line":11,"column":null}},"6":{"start":{"line":10,"column":4},"end":{"line":10,"column":26}},"7":{"start":{"line":12,"column":21},"end":{"line":12,"column":77}},"8":{"start":{"line":14,"column":2},"end":{"line":16,"column":null}},"9":{"start":{"line":15,"column":4},"end":{"line":15,"column":30}},"10":{"start":{"line":20,"column":2},"end":{"line":20,"column":52}},"11":{"start":{"line":22,"column":18},"end":{"line":22,"column":73}},"12":{"start":{"line":24,"column":2},"end":{"line":26,"column":null}},"13":{"start":{"line":25,"column":4},"end":{"line":25,"column":26}},"14":{"start":{"line":27,"column":2},"end":{"line":27,"column":17}},"15":{"start":{"line":31,"column":2},"end":{"line":31,"column":52}},"16":{"start":{"line":33,"column":17},"end":{"line":33,"column":71}},"17":{"start":{"line":34,"column":22},"end":{"line":34,"column":23}},"18":{"start":{"line":35,"column":2},"end":{"line":37,"column":null}},"19":{"start":{"line":36,"column":4},"end":{"line":36,"column":24}},"20":{"start":{"line":38,"column":22},"end":{"line":43,"column":4}},"21":{"start":{"line":45,"column":18},"end":{"line":45,"column":78}},"22":{"start":{"line":47,"column":2},"end":{"line":47,"column":56}},"23":{"start":{"line":49,"column":2},"end":{"line":49,"column":17}},"24":{"start":{"line":60,"column":23},"end":{"line":63,"column":2}},"25":{"start":{"line":65,"column":0},"end":{"line":65,"column":30}}},"fnMap":{"0":{"name":"verifyTicketAndEnrollment","decl":{"start":{"line":6,"column":15},"end":{"line":6,"column":40}},"loc":{"start":{"line":6,"column":73},"end":{"line":17,"column":1}}},"1":{"name":"getPaymentByTicketId","decl":{"start":{"line":19,"column":15},"end":{"line":19,"column":35}},"loc":{"start":{"line":19,"column":68},"end":{"line":28,"column":1}}},"2":{"name":"paymentProcess","decl":{"start":{"line":30,"column":15},"end":{"line":30,"column":29}},"loc":{"start":{"line":30,"column":91},"end":{"line":50,"column":1}}}},"branchMap":{"0":{"loc":{"start":{"line":9,"column":2},"end":{"line":11,"column":null}},"type":"if","locations":[{"start":{"line":9,"column":2},"end":{"line":11,"column":null}}]},"1":{"loc":{"start":{"line":14,"column":2},"end":{"line":16,"column":null}},"type":"if","locations":[{"start":{"line":14,"column":2},"end":{"line":16,"column":null}}]},"2":{"loc":{"start":{"line":24,"column":2},"end":{"line":26,"column":null}},"type":"if","locations":[{"start":{"line":24,"column":2},"end":{"line":26,"column":null}}]},"3":{"loc":{"start":{"line":35,"column":2},"end":{"line":37,"column":null}},"type":"if","locations":[{"start":{"line":35,"column":2},"end":{"line":37,"column":null}}]}},"s":{"0":11,"1":11,"2":11,"3":11,"4":8,"5":8,"6":2,"7":6,"8":6,"9":2,"10":3,"11":1,"12":1,"13":0,"14":1,"15":5,"16":3,"17":3,"18":3,"19":3,"20":3,"21":3,"22":3,"23":3,"24":11,"25":11},"f":{"0":8,"1":3,"2":5},"b":{"0":[2],"1":[2],"2":[0],"3":[3]}}
,"/media/dell/7FB6DCE70CD2C5C3/Driven/Turma 7/drivent/src/services/tickets-service/index.ts": {"path":"/media/dell/7FB6DCE70CD2C5C3/Driven/Turma 7/drivent/src/services/tickets-service/index.ts","statementMap":{"0":{"start":{"line":1,"column":0},"end":{"line":1,"column":41}},"1":{"start":{"line":2,"column":0},"end":{"line":2,"column":64}},"2":{"start":{"line":3,"column":0},"end":{"line":3,"column":72}},"3":{"start":{"line":4,"column":0},"end":{"line":4,"column":46}},"4":{"start":{"line":7,"column":22},"end":{"line":7,"column":62}},"5":{"start":{"line":9,"column":2},"end":{"line":11,"column":null}},"6":{"start":{"line":10,"column":4},"end":{"line":10,"column":26}},"7":{"start":{"line":12,"column":2},"end":{"line":12,"column":21}},"8":{"start":{"line":16,"column":21},"end":{"line":16,"column":79}},"9":{"start":{"line":17,"column":2},"end":{"line":19,"column":null}},"10":{"start":{"line":18,"column":4},"end":{"line":18,"column":26}},"11":{"start":{"line":20,"column":17},"end":{"line":20,"column":79}},"12":{"start":{"line":21,"column":2},"end":{"line":23,"column":null}},"13":{"start":{"line":22,"column":4},"end":{"line":22,"column":26}},"14":{"start":{"line":25,"column":2},"end":{"line":25,"column":16}},"15":{"start":{"line":29,"column":21},"end":{"line":29,"column":79}},"16":{"start":{"line":30,"column":2},"end":{"line":32,"column":null}},"17":{"start":{"line":31,"column":4},"end":{"line":31,"column":26}},"18":{"start":{"line":34,"column":21},"end":{"line":38,"column":4}},"19":{"start":{"line":40,"column":2},"end":{"line":40,"column":50}},"20":{"start":{"line":42,"column":17},"end":{"line":42,"column":79}},"21":{"start":{"line":44,"column":2},"end":{"line":44,"column":16}},"22":{"start":{"line":47,"column":22},"end":{"line":51,"column":2}},"23":{"start":{"line":53,"column":0},"end":{"line":53,"column":29}}},"fnMap":{"0":{"name":"getTicketTypes","decl":{"start":{"line":6,"column":15},"end":{"line":6,"column":29}},"loc":{"start":{"line":6,"column":29},"end":{"line":13,"column":1}}},"1":{"name":"getTicketByUserId","decl":{"start":{"line":15,"column":15},"end":{"line":15,"column":32}},"loc":{"start":{"line":15,"column":47},"end":{"line":26,"column":1}}},"2":{"name":"createTicket","decl":{"start":{"line":28,"column":15},"end":{"line":28,"column":27}},"loc":{"start":{"line":28,"column":64},"end":{"line":45,"column":1}}}},"branchMap":{"0":{"loc":{"start":{"line":9,"column":2},"end":{"line":11,"column":null}},"type":"if","locations":[{"start":{"line":9,"column":2},"end":{"line":11,"column":null}}]},"1":{"loc":{"start":{"line":17,"column":2},"end":{"line":19,"column":null}},"type":"if","locations":[{"start":{"line":17,"column":2},"end":{"line":19,"column":null}}]},"2":{"loc":{"start":{"line":21,"column":2},"end":{"line":23,"column":null}},"type":"if","locations":[{"start":{"line":21,"column":2},"end":{"line":23,"column":null}}]},"3":{"loc":{"start":{"line":30,"column":2},"end":{"line":32,"column":null}},"type":"if","locations":[{"start":{"line":30,"column":2},"end":{"line":32,"column":null}}]}},"s":{"0":11,"1":11,"2":11,"3":11,"4":2,"5":2,"6":0,"7":2,"8":3,"9":3,"10":1,"11":2,"12":2,"13":1,"14":1,"15":3,"16":3,"17":1,"18":2,"19":2,"20":2,"21":2,"22":11,"23":11},"f":{"0":2,"1":3,"2":3},"b":{"0":[0],"1":[1],"2":[1],"3":[1]}}
,"/media/dell/7FB6DCE70CD2C5C3/Driven/Turma 7/drivent/src/services/users-service/errors.ts": {"path":"/media/dell/7FB6DCE70CD2C5C3/Driven/Turma 7/drivent/src/services/users-service/errors.ts","statementMap":{"0":{"start":{"line":4,"column":2},"end":{"line":7,"column":4}},"1":{"start":{"line":3,"column":0},"end":{"line":3,"column":16}}},"fnMap":{"0":{"name":"duplicatedEmailError","decl":{"start":{"line":3,"column":16},"end":{"line":3,"column":36}},"loc":{"start":{"line":3,"column":36},"end":{"line":8,"column":1}}}},"branchMap":{},"s":{"0":4,"1":11},"f":{"0":4},"b":{}}
,"/media/dell/7FB6DCE70CD2C5C3/Driven/Turma 7/drivent/src/services/users-service/index.ts": {"path":"/media/dell/7FB6DCE70CD2C5C3/Driven/Turma 7/drivent/src/services/users-service/index.ts","statementMap":{"0":{"start":{"line":1,"column":0},"end":{"line":1,"column":60}},"1":{"start":{"line":2,"column":0},"end":{"line":2,"column":60}},"2":{"start":{"line":4,"column":0},"end":{"line":4,"column":28}},"3":{"start":{"line":5,"column":0},"end":{"line":5,"column":46}},"4":{"start":{"line":6,"column":0},"end":{"line":6,"column":48}},"5":{"start":{"line":9,"column":2},"end":{"line":9,"column":26}},"6":{"start":{"line":11,"column":2},"end":{"line":11,"column":41}},"7":{"start":{"line":13,"column":25},"end":{"line":13,"column":56}},"8":{"start":{"line":14,"column":2},"end":{"line":17,"column":5}},"9":{"start":{"line":8,"column":0},"end":{"line":8,"column":7}},"10":{"start":{"line":21,"column":28},"end":{"line":21,"column":67}},"11":{"start":{"line":22,"column":2},"end":{"line":24,"column":null}},"12":{"start":{"line":23,"column":4},"end":{"line":23,"column":33}},"13":{"start":{"line":28,"column":20},"end":{"line":28,"column":62}},"14":{"start":{"line":29,"column":2},"end":{"line":31,"column":null}},"15":{"start":{"line":30,"column":4},"end":{"line":30,"column":45}},"16":{"start":{"line":36,"column":20},"end":{"line":38,"column":2}},"17":{"start":{"line":40,"column":0},"end":{"line":40,"column":25}},"18":{"start":{"line":41,"column":0},"end":{"line":41,"column":27}}},"fnMap":{"0":{"name":"createUser","decl":{"start":{"line":8,"column":22},"end":{"line":8,"column":32}},"loc":{"start":{"line":8,"column":70},"end":{"line":18,"column":1}}},"1":{"name":"validateUniqueEmailOrFail","decl":{"start":{"line":20,"column":15},"end":{"line":20,"column":40}},"loc":{"start":{"line":20,"column":54},"end":{"line":25,"column":1}}},"2":{"name":"canEnrollOrFail","decl":{"start":{"line":27,"column":15},"end":{"line":27,"column":30}},"loc":{"start":{"line":27,"column":30},"end":{"line":32,"column":1}}}},"branchMap":{"0":{"loc":{"start":{"line":22,"column":2},"end":{"line":24,"column":null}},"type":"if","locations":[{"start":{"line":22,"column":2},"end":{"line":24,"column":null}}]},"1":{"loc":{"start":{"line":29,"column":2},"end":{"line":31,"column":null}},"type":"if","locations":[{"start":{"line":29,"column":2},"end":{"line":31,"column":null}}]}},"s":{"0":11,"1":11,"2":11,"3":11,"4":11,"5":9,"6":7,"7":5,"8":5,"9":11,"10":7,"11":7,"12":2,"13":9,"14":9,"15":2,"16":11,"17":11,"18":11},"f":{"0":9,"1":7,"2":9},"b":{"0":[2],"1":[2]}}
,"/media/dell/7FB6DCE70CD2C5C3/Driven/Turma 7/drivent/src/utils/cep-service.ts": {"path":"/media/dell/7FB6DCE70CD2C5C3/Driven/Turma 7/drivent/src/utils/cep-service.ts","statementMap":{"0":{"start":{"line":2,"column":0},"end":{"line":2,"column":36}},"1":{"start":{"line":5,"column":17},"end":{"line":5,"column":75}},"2":{"start":{"line":6,"column":2},"end":{"line":6,"column":21}},"3":{"start":{"line":10,"column":2},"end":{"line":10,"column":12}}},"fnMap":{"0":{"name":"getAddress","decl":{"start":{"line":4,"column":15},"end":{"line":4,"column":25}},"loc":{"start":{"line":4,"column":37},"end":{"line":7,"column":1}}}},"branchMap":{},"s":{"0":11,"1":4,"2":4,"3":11},"f":{"0":4},"b":{}}
,"/media/dell/7FB6DCE70CD2C5C3/Driven/Turma 7/drivent/src/utils/prisma-utils.ts": {"path":"/media/dell/7FB6DCE70CD2C5C3/Driven/Turma 7/drivent/src/utils/prisma-utils.ts","statementMap":{"0":{"start":{"line":2,"column":20},"end":{"line":2,"column":54}},"1":{"start":{"line":3,"column":2},"end":{"line":5,"column":null}},"2":{"start":{"line":4,"column":4},"end":{"line":4,"column":26}},"3":{"start":{"line":6,"column":2},"end":{"line":6,"column":19}},"4":{"start":{"line":1,"column":0},"end":{"line":1,"column":16}}},"fnMap":{"0":{"name":"exclude","decl":{"start":{"line":1,"column":16},"end":{"line":1,"column":23}},"loc":{"start":{"line":1,"column":73},"end":{"line":7,"column":1}}}},"branchMap":{},"s":{"0":12,"1":12,"2":18,"3":12,"4":11},"f":{"0":12},"b":{}}
,"/media/dell/7FB6DCE70CD2C5C3/Driven/Turma 7/drivent/src/utils/request.ts": {"path":"/media/dell/7FB6DCE70CD2C5C3/Driven/Turma 7/drivent/src/utils/request.ts","statementMap":{"0":{"start":{"line":1,"column":0},"end":{"line":1,"column":26}},"1":{"start":{"line":2,"column":0},"end":{"line":2,"column":40}},"2":{"start":{"line":5,"column":2},"end":{"line":15,"column":null}},"3":{"start":{"line":6,"column":19},"end":{"line":6,"column":39}},"4":{"start":{"line":7,"column":4},"end":{"line":7,"column":18}},"5":{"start":{"line":12,"column":8},"end":{"line":12,"column":22}},"6":{"start":{"line":14,"column":4},"end":{"line":14,"column":44}},"7":{"start":{"line":18,"column":13},"end":{"line":20,"column":2}}},"fnMap":{"0":{"name":"get","decl":{"start":{"line":4,"column":15},"end":{"line":4,"column":18}},"loc":{"start":{"line":4,"column":30},"end":{"line":16,"column":1}}}},"branchMap":{},"s":{"0":11,"1":11,"2":4,"3":4,"4":3,"5":1,"6":1,"7":11},"f":{"0":4},"b":{}}
}
